                                     ======================
                                        ALPSO 1.1 (Serial)
                                     ======================

Parameters:
-------------------------------------------------------------------------------------------------
Swarmsize           :       12    MaxOuterIters     :       10    Seed:                0.06261054
Cognitive Parameter :    2.000    MaxInnerIters     :        5    Scaling            :          1
Social Parameter    :    1.000    MinInnerIters     :        6    Stopping Criteria  :          0
Initial Weight      :    0.990    DynInnerIters     :        1    Number of Failures :         15
Final Weight        :    0.550    StoppingIters     :        5    Number of Successes:          5

Absolute Tolerance  : 1.00e-02    Number Initial Pos:        1    Neighbourhood Model:      gbest
Relative Tolerance  : 1.00e-02    Initial Velocity  :        1    Neighbourhood Size :         40
Inequality Tolerance: 1.00e-03    Maximum Velocity  :        2    Selfless           :          1
Equality Tolerance  : 1.00e-03    Craziness Velocity: 1.00e-04    Fileout            :          1
Global Distance     : 1.00e-01    Initial Penalty   :     1.00    File Name          :  ALPSO.out
-------------------------------------------------------------------------------------------------


================================================================================

NUMBER OF ITERATIONS: 1

NUMBER OF OBJECTIVE FUNCTION EVALUATIONS: 72

OBJECTIVE FUNCTION VALUE:
	F = 450.6471439538773

EQUALITY CONSTRAINTS VALUES:

INEQUALITY CONSTRAINTS VALUES:
	G(0) = -1.204015231726383
	G(1) = 1.347769389967735
	G(2) = -4.358250897905999
	G(3) = -4.625320221933274
	G(4) = -2.325724289770872
	G(5) = -6.639482935361828
	G(6) = -2.884078435769455
	G(7) = -2.171426853698086
	G(8) = 1.114085053105507
	G(9) = -3.830417104740199
	G(10) = 0.1649092123428182
	G(11) = -4.551563262720165
	G(12) = -0.1902776545537399
	G(13) = -0.3853240128438467
	G(14) = -0.340516466807014
	G(15) = -1.337651163397539
	G(16) = -0.4399228335958951
	G(17) = -2.018370094884271
	G(18) = -597.4629223500745
	G(19) = 1035.673202929627
	G(20) = -313.8889776589421
	G(21) = -915.7156656580577
	G(22) = -973.6390263567198
	G(23) = -996.002812036567
	G(24) = 0.6188226938247681
	G(25) = -0.2329657075438031
	G(26) = -0.4492806805462997
	G(27) = 0.1312321275472641
	G(28) = 0.04838031530380249
	G(29) = 3.38290548324585
	G(30) = 3.38290548324585
	G(31) = 4.140909194946289
	G(32) = 1.497706651687622
	G(33) = 2.002928972244263
	G(34) = 0.4050226807594299
	G(35) = -0.2428896291177438
	G(36) = -0.4339631379874935
	G(37) = 0.08915697038173676
	G(38) = 0.01107874233275652
	G(39) = 0.0625000074505806
	G(40) = 3.469242811203003
	G(41) = 3.469242811203003
	G(42) = 4.216068744659424
	G(43) = 1.34041440486908
	G(44) = 2.126660346984863
	G(45) = 0.02571331895887852
	G(46) = -0.4142056568970662
	G(47) = -0.04162111647504715
	G(48) = -1
	G(49) = 0.3897000253200531
	G(50) = 3.234126329421997
	G(51) = 3.197326183319092
	G(52) = 3.922337055206299
	G(53) = 1.339125514030457
	G(54) = 1.935648560523987
	G(55) = -0.007859572365206118
	G(56) = -0.1693673549843747
	G(57) = -0.1832876445510258
	G(58) = 0.6763226985931396
	G(59) = 3.569445610046387
	G(60) = 2.622838258743286
	G(61) = 3.58296537399292
	G(62) = 1.438210725784302
	G(63) = 1.889863252639771
	G(64) = 1.011009812355042
	G(65) = 1.000950336456299
	G(66) = -0.2348690361861943
	G(67) = 2.646207809448242
	G(68) = 3.526486158370972
	G(69) = 4.121583938598633
	G(70) = 0.8454113602638245
	G(71) = 1.98283064365387
	G(72) = -0.4323193882535698
	G(73) = 2.27534818649292
	G(74) = 3.371766090393066
	G(75) = 3.648874282836914
	G(76) = 0.972180187702179
	G(77) = 1.690213561058044
	G(78) = 0.007463140413165092
	G(79) = 3.562968254089355
	G(80) = 2.854032754898071
	G(81) = 3.763543844223022
	G(82) = 1.56277871131897
	G(83) = 1.848739385604858
	G(84) = -0.02571268874829299
	G(85) = 3.528434991836548
	G(86) = 2.928110361099243
	G(87) = 3.707678556442261
	G(88) = 1.726152062416077
	G(89) = 1.797635078430176
	G(90) = 1.36617386341095
	G(91) = 1.36617386341095
	G(92) = 1.200002908706665
	G(93) = 1.200002670288086
	G(94) = 0.1174999922513962
	G(95) = 7.489999771118164
	G(96) = 1.603160977363586
	G(97) = 1.603160858154297
	G(98) = 1.694999933242798
	G(99) = 1.603160977363586
	G(100) = 1.603160858154297
	G(101) = 4.694999694824219
	G(102) = 6.320000171661377
	G(103) = 1.135000228881836
	G(104) = 4.134999752044678

LAGRANGIAN MULTIPLIERS VALUES:
	L(0) = 0
	L(1) = 0
	L(2) = 0
	L(3) = 0
	L(4) = 0
	L(5) = 0
	L(6) = 0
	L(7) = 0
	L(8) = 0
	L(9) = 0
	L(10) = 0
	L(11) = 0
	L(12) = 0
	L(13) = 0
	L(14) = 0
	L(15) = 0
	L(16) = 0
	L(17) = 0
	L(18) = 0
	L(19) = 0
	L(20) = 0
	L(21) = 0
	L(22) = 0
	L(23) = 0
	L(24) = 0
	L(25) = 0
	L(26) = 0
	L(27) = 0
	L(28) = 0
	L(29) = 0
	L(30) = 0
	L(31) = 0
	L(32) = 0
	L(33) = 0
	L(34) = 0
	L(35) = 0
	L(36) = 0
	L(37) = 0
	L(38) = 0
	L(39) = 0
	L(40) = 0
	L(41) = 0
	L(42) = 0
	L(43) = 0
	L(44) = 0
	L(45) = 0
	L(46) = 0
	L(47) = 0
	L(48) = 0
	L(49) = 0
	L(50) = 0
	L(51) = 0
	L(52) = 0
	L(53) = 0
	L(54) = 0
	L(55) = 0
	L(56) = 0
	L(57) = 0
	L(58) = 0
	L(59) = 0
	L(60) = 0
	L(61) = 0
	L(62) = 0
	L(63) = 0
	L(64) = 0
	L(65) = 0
	L(66) = 0
	L(67) = 0
	L(68) = 0
	L(69) = 0
	L(70) = 0
	L(71) = 0
	L(72) = 0
	L(73) = 0
	L(74) = 0
	L(75) = 0
	L(76) = 0
	L(77) = 0
	L(78) = 0
	L(79) = 0
	L(80) = 0
	L(81) = 0
	L(82) = 0
	L(83) = 0
	L(84) = 0
	L(85) = 0
	L(86) = 0
	L(87) = 0
	L(88) = 0
	L(89) = 0
	L(90) = 0
	L(91) = 0
	L(92) = 0
	L(93) = 0
	L(94) = 0
	L(95) = 0
	L(96) = 0
	L(97) = 0
	L(98) = 0
	L(99) = 0
	L(100) = 0
	L(101) = 0
	L(102) = 0
	L(103) = 0
	L(104) = 0

PENALTY FACTOR:
	rp(0) = 1
	rp(1) = 1
	rp(2) = 1
	rp(3) = 1
	rp(4) = 1
	rp(5) = 1
	rp(6) = 1
	rp(7) = 1
	rp(8) = 1
	rp(9) = 1
	rp(10) = 1
	rp(11) = 1
	rp(12) = 1
	rp(13) = 1
	rp(14) = 1
	rp(15) = 1
	rp(16) = 1
	rp(17) = 1
	rp(18) = 1
	rp(19) = 1
	rp(20) = 1
	rp(21) = 1
	rp(22) = 1
	rp(23) = 1
	rp(24) = 1
	rp(25) = 1
	rp(26) = 1
	rp(27) = 1
	rp(28) = 1
	rp(29) = 1
	rp(30) = 1
	rp(31) = 1
	rp(32) = 1
	rp(33) = 1
	rp(34) = 1
	rp(35) = 1
	rp(36) = 1
	rp(37) = 1
	rp(38) = 1
	rp(39) = 1
	rp(40) = 1
	rp(41) = 1
	rp(42) = 1
	rp(43) = 1
	rp(44) = 1
	rp(45) = 1
	rp(46) = 1
	rp(47) = 1
	rp(48) = 1
	rp(49) = 1
	rp(50) = 1
	rp(51) = 1
	rp(52) = 1
	rp(53) = 1
	rp(54) = 1
	rp(55) = 1
	rp(56) = 1
	rp(57) = 1
	rp(58) = 1
	rp(59) = 1
	rp(60) = 1
	rp(61) = 1
	rp(62) = 1
	rp(63) = 1
	rp(64) = 1
	rp(65) = 1
	rp(66) = 1
	rp(67) = 1
	rp(68) = 1
	rp(69) = 1
	rp(70) = 1
	rp(71) = 1
	rp(72) = 1
	rp(73) = 1
	rp(74) = 1
	rp(75) = 1
	rp(76) = 1
	rp(77) = 1
	rp(78) = 1
	rp(79) = 1
	rp(80) = 1
	rp(81) = 1
	rp(82) = 1
	rp(83) = 1
	rp(84) = 1
	rp(85) = 1
	rp(86) = 1
	rp(87) = 1
	rp(88) = 1
	rp(89) = 1
	rp(90) = 1
	rp(91) = 1
	rp(92) = 1
	rp(93) = 1
	rp(94) = 1
	rp(95) = 1
	rp(96) = 1
	rp(97) = 1
	rp(98) = 1
	rp(99) = 1
	rp(100) = 1
	rp(101) = 1
	rp(102) = 1
	rp(103) = 1
	rp(104) = 1

BEST POSITION:
	P(0) = 0.7867098267391029		P(1) = -0.2587953793253769		P(2) = -0.4363323129985824	
	P(3) = 0.4363323129985824		P(4) = 0.1674770599152123		P(5) = 0.38603606608031	
	P(6) = 0.3112456060371901		P(7) = -0.1399868910757209		P(8) = -0.4135740797346675	
	P(9) = -0.08823081882820705		P(10) = -0.1855901516923503		P(11) = -0.04447409755824189	
	P(12) = 0.3010202648830661		P(13) = -0.1772317649494599		P(14) = 0.04957562466706651	
	P(15) = 0.06375630090623655		P(16) = -0.1466825646342245		P(17) = -0.2213095748983436	
	P(18) = 0.2623886075300525		P(19) = 0.3421243888654457		P(20) = -0.24806162861352	
	P(21) = -0.1635845691386282		P(22) = 0.3798383057393583		P(23) = -0.1106066298316061	
	P(24) = -0.5		P(25) = 0.3860940861253		P(26) = -0.3537751426321942	
	P(27) = 0.194713351908638		P(28) = 0.4422678960607831		P(29) = -0.04753130664374255	
	P(30) = -0.2422844064046669		P(31) = 0.3304520563023919		P(32) = -0.5	
	P(33) = 0.5		P(34) = -0.4725820527502019		P(35) = -0.5	
	P(36) = -0.4338749720153579		P(37) = -0.5		P(38) = 0.2172096797243669	
	P(39) = -0.1266180951623157		P(40) = 0.3909153367730044		P(41) = 0.5	
	P(42) = -0.5		P(43) = -0.5		P(44) = -0.2244753081240283	
	P(45) = 0.5		P(46) = -0.3689761838851663		P(47) = -0.5	
	P(48) = 0.5		P(49) = -0.3591144611263932		P(50) = -0.236799581216891	
	P(51) = 0.2777680015774427		P(52) = 0.1358838635961854		P(53) = -0.214701712114286	
	P(54) = -0.3836353863980006	
================================================================================

================================================================================

NUMBER OF ITERATIONS: 2

NUMBER OF OBJECTIVE FUNCTION EVALUATIONS: 132

OBJECTIVE FUNCTION VALUE:
	F = 316.4397118852102

EQUALITY CONSTRAINTS VALUES:

INEQUALITY CONSTRAINTS VALUES:
	G(0) = -0.8072314361288506
	G(1) = 2.305410293676737
	G(2) = -3.606025093774924
	G(3) = -4.061770399023715
	G(4) = -1.372250346477347
	G(5) = -6.056606808023468
	G(6) = -1.996243579124933
	G(7) = -1.851172021115926
	G(8) = 1.421028749338296
	G(9) = -2.735544586321551
	G(10) = 0.6493672075079941
	G(11) = -3.467482886384565
	G(12) = 0.1214761187018663
	G(13) = -0.2230893186208305
	G(14) = -0.2434762170456855
	G(15) = -1.391003203184241
	G(16) = -0.6193626912632086
	G(17) = -2.118916783420436
	G(18) = -696.0168729035656
	G(19) = 898.2319228494973
	G(20) = -426.0727645288496
	G(21) = -894.5603430975378
	G(22) = -971.75152043173
	G(23) = -996.4115178822547
	G(24) = 0.5901296138763428
	G(25) = -0.2428853725791889
	G(26) = -0.249042782911601
	G(27) = 0.06355126202106476
	G(28) = -0.02085311119929665
	G(29) = 3.38290548324585
	G(30) = 3.38290548324585
	G(31) = 4.140909194946289
	G(32) = 1.497706651687622
	G(33) = 2.002928972244263
	G(34) = 0.3764223754405975
	G(35) = -1
	G(36) = -0.1505159830668562
	G(37) = -0.08951773454149775
	G(38) = 0.006801396608352661
	G(39) = 0.0625000074505806
	G(40) = 3.469242811203003
	G(41) = 3.469242811203003
	G(42) = 4.216068744659424
	G(43) = 1.34041440486908
	G(44) = 2.126660346984863
	G(45) = -0.05233275614676428
	G(46) = -0.3763332595943957
	G(47) = -0.1016117879972647
	G(48) = -1
	G(49) = 0.3897000253200531
	G(50) = 3.234124660491943
	G(51) = 3.197324752807617
	G(52) = 3.922329187393188
	G(53) = 1.339117527008057
	G(54) = 1.935534954071045
	G(55) = -0.06816390156785991
	G(56) = -0.2172314988553366
	G(57) = -0.09213761457070631
	G(58) = 0.6475040316581726
	G(59) = 3.171401977539062
	G(60) = 2.623202800750732
	G(61) = 3.572145700454712
	G(62) = 1.195644021034241
	G(63) = 1.719545960426331
	G(64) = 0.9633381366729736
	G(65) = 0.8919752240180969
	G(66) = -0.2591673523460626
	G(67) = 2.62675666809082
	G(68) = 3.062093257904053
	G(69) = 3.673647880554199
	G(70) = 0.711922287940979
	G(71) = 1.626629233360291
	G(72) = -0.5582057578604367
	G(73) = 2.318952083587646
	G(74) = 2.872447729110718
	G(75) = 3.323940515518188
	G(76) = 0.9367061853408813
	G(77) = 1.51158332824707
	G(78) = -0.1413768594317555
	G(79) = 2.866535425186157
	G(80) = 2.265538215637207
	G(81) = 3.639821290969849
	G(82) = 1.00668478012085
	G(83) = 1.520061135292053
	G(84) = -0.07245931203603462
	G(85) = 2.783186197280884
	G(86) = 2.49299168586731
	G(87) = 3.58868932723999
	G(88) = 1.24997615814209
	G(89) = 1.464318752288818
	G(90) = 1.36617386341095
	G(91) = 1.36617386341095
	G(92) = 1.200002908706665
	G(93) = 1.200002670288086
	G(94) = 0.1174999922513962
	G(95) = 7.489999771118164
	G(96) = 1.603160977363586
	G(97) = 1.603160858154297
	G(98) = 1.694999933242798
	G(99) = 1.603160977363586
	G(100) = 1.603160858154297
	G(101) = 4.694999694824219
	G(102) = 6.320000171661377
	G(103) = 1.135000228881836
	G(104) = 4.134999752044678

LAGRANGIAN MULTIPLIERS VALUES:
	L(0) = 0
	L(1) = 2.695538779935469
	L(2) = 0
	L(3) = 0
	L(4) = 0
	L(5) = 0
	L(6) = 0
	L(7) = 0
	L(8) = 2.228170106211014
	L(9) = 0
	L(10) = 0.3298184246856364
	L(11) = 0
	L(12) = 0
	L(13) = 0
	L(14) = 0
	L(15) = 0
	L(16) = 0
	L(17) = 0
	L(18) = 0
	L(19) = 2071.346405859255
	L(20) = 0
	L(21) = 0
	L(22) = 0
	L(23) = 0
	L(24) = 1.237645387649536
	L(25) = 0
	L(26) = 0
	L(27) = 0.2624642550945282
	L(28) = 0.09676063060760498
	L(29) = 6.765810966491699
	L(30) = 6.765810966491699
	L(31) = 8.281818389892578
	L(32) = 2.995413303375244
	L(33) = 4.005857944488525
	L(34) = 0.8100453615188599
	L(35) = 0
	L(36) = 0
	L(37) = 0.1783139407634735
	L(38) = 0.02215748466551304
	L(39) = 0.1250000149011612
	L(40) = 6.938485622406006
	L(41) = 6.938485622406006
	L(42) = 8.432137489318848
	L(43) = 2.680828809738159
	L(44) = 4.253320693969727
	L(45) = 0.05142663791775703
	L(46) = 0
	L(47) = 0
	L(48) = 0
	L(49) = 0.7794000506401062
	L(50) = 6.468252658843994
	L(51) = 6.394652366638184
	L(52) = 7.844674110412598
	L(53) = 2.678251028060913
	L(54) = 3.871297121047974
	L(55) = 0
	L(56) = 0
	L(57) = 0
	L(58) = 1.352645397186279
	L(59) = 7.138891220092773
	L(60) = 5.245676517486572
	L(61) = 7.16593074798584
	L(62) = 2.876421451568604
	L(63) = 3.779726505279541
	L(64) = 2.022019624710083
	L(65) = 2.001900672912598
	L(66) = 0
	L(67) = 5.292415618896484
	L(68) = 7.052972316741943
	L(69) = 8.243167877197266
	L(70) = 1.690822720527649
	L(71) = 3.965661287307739
	L(72) = 0
	L(73) = 4.55069637298584
	L(74) = 6.743532180786133
	L(75) = 7.297748565673828
	L(76) = 1.944360375404358
	L(77) = 3.380427122116089
	L(78) = 0.01492628082633018
	L(79) = 7.125936508178711
	L(80) = 5.708065509796143
	L(81) = 7.527087688446045
	L(82) = 3.125557422637939
	L(83) = 3.697478771209717
	L(84) = 0
	L(85) = 7.056869983673096
	L(86) = 5.856220722198486
	L(87) = 7.415357112884521
	L(88) = 3.452304124832153
	L(89) = 3.595270156860352
	L(90) = 2.732347726821899
	L(91) = 2.732347726821899
	L(92) = 2.40000581741333
	L(93) = 2.400005340576172
	L(94) = 0.2349999845027924
	L(95) = 14.97999954223633
	L(96) = 3.206321954727173
	L(97) = 3.206321716308594
	L(98) = 3.389999866485596
	L(99) = 3.206321954727173
	L(100) = 3.206321716308594
	L(101) = 9.389999389648438
	L(102) = 12.64000034332275
	L(103) = 2.270000457763672
	L(104) = 8.269999504089355

PENALTY FACTOR:
	rp(0) = 1
	rp(1) = 25.95928918487306
	rp(2) = 1
	rp(3) = 1
	rp(4) = 1
	rp(5) = 1
	rp(6) = 1
	rp(7) = 1
	rp(8) = 23.60174837915093
	rp(9) = 1
	rp(10) = 9.080451870441751
	rp(11) = 1
	rp(12) = 1
	rp(13) = 1
	rp(14) = 1
	rp(15) = 1
	rp(16) = 1
	rp(17) = 1
	rp(18) = 1
	rp(19) = 719.6086446568119
	rp(20) = 1
	rp(21) = 1
	rp(22) = 1
	rp(23) = 1
	rp(24) = 17.59009229402688
	rp(25) = 1
	rp(26) = 1
	rp(27) = 8.100374298366221
	rp(28) = 4.91834907788185
	rp(29) = 41.12727491121828
	rp(30) = 41.12727491121828
	rp(31) = 45.50224826833444
	rp(32) = 27.36518455709391
	rp(33) = 31.6459236888755
	rp(34) = 14.23064792550624
	rp(35) = 1
	rp(36) = 1
	rp(37) = 6.676712154261884
	rp(38) = 2.353586872494462
	rp(39) = 5.590170276949558
	rp(40) = 41.64878636408871
	rp(41) = 41.64878636408871
	rp(42) = 45.91333545201995
	rp(43) = 25.88836036589687
	rp(44) = 32.608743819602
	rp(45) = 3.585618423569254
	rp(46) = 1
	rp(47) = 1
	rp(48) = 1
	rp(49) = 13.95886860243432
	rp(50) = 40.21272391558421
	rp(51) = 39.98328515341812
	rp(52) = 44.28508244999832
	rp(53) = 25.87591074755106
	rp(54) = 31.10987432089679
	rp(55) = 1
	rp(56) = 1
	rp(57) = 1
	rp(58) = 18.3891639096662
	rp(59) = 42.24597974983174
	rp(60) = 36.21352136111101
	rp(61) = 42.32591035047516
	rp(62) = 26.81613997002833
	rp(63) = 30.73974017977194
	rp(64) = 22.48343626266947
	rp(65) = 22.37130233643427
	rp(66) = 1
	rp(67) = 36.37449525043779
	rp(68) = 41.99098807107885
	rp(69) = 45.39594661750448
	rp(70) = 20.55980739530194
	rp(71) = 31.48674835271078
	rp(72) = 1
	rp(73) = 33.72942473933494
	rp(74) = 41.0595061489606
	rp(75) = 42.71343045715782
	rp(76) = 22.04745096039652
	rp(77) = 29.07072033041187
	rp(78) = 1.931727259884932
	rp(79) = 42.20763114704114
	rp(80) = 37.77587030697024
	rp(81) = 43.3793951330757
	rp(82) = 27.95334247741198
	rp(83) = 30.40344869915959
	rp(84) = 1
	rp(85) = 42.00258915731593
	rp(86) = 38.26297401600693
	rp(87) = 43.05623390661485
	rp(88) = 29.37815568084624
	rp(89) = 29.98028584278489
	rp(90) = 26.1359318124584
	rp(91) = 26.1359318124584
	rp(92) = 24.49492711467688
	rp(93) = 24.49492468133027
	rp(94) = 7.664854605646352
	rp(95) = 61.19640418814721
	rp(96) = 28.31219681836422
	rp(97) = 28.31219576573227
	rp(98) = 29.1118526827373
	rp(99) = 28.31219681836422
	rp(100) = 28.31219576573227
	rp(101) = 48.45100460684081
	rp(102) = 56.21387805365049
	rp(103) = 23.82226090111763
	rp(104) = 45.46976881426097

BEST POSITION:
	P(0) = 0.4679725684045134		P(1) = -0.2707898755385472		P(2) = -0.4363323129985824	
	P(3) = 0.4363323129985824		P(4) = 0.2858986455425291		P(5) = 0.4258740849171233	
	P(6) = 0.3585840618785153		P(7) = -0.06817279691197221		P(8) = -0.5	
	P(9) = 0.2003585489308762		P(10) = -0.4491485185145031		P(11) = -0.1623098632444057	
	P(12) = 0.5		P(13) = -0.478570559879898		P(14) = 0.1991774492695436	
	P(15) = -0.1106839867069036		P(16) = -0.04310166027412726		P(17) = -0.2141635586955598	
	P(18) = -0.07467156178037887		P(19) = 0.379078529223837		P(20) = -0.363904171396468	
	P(21) = -0.2155844427272048		P(22) = 0.1081022643241927		P(23) = 0.193212444883053	
	P(24) = -0.5		P(25) = 0.5		P(26) = -0.1109882396054381	
	P(27) = 0.3515405131646366		P(28) = 0.5		P(29) = -0.1895628135518818	
	P(30) = -0.2692860272065844		P(31) = 0.3103269111379819		P(32) = -0.5	
	P(33) = 0.5		P(34) = -0.5		P(35) = -0.5	
	P(36) = -0.5		P(37) = 0.1202315306919667		P(38) = 0.3114517304788011	
	P(39) = 0.2804014185832745		P(40) = 0.5		P(41) = 0.1431085116974284	
	P(42) = -0.5		P(43) = -0.5		P(44) = -0.3483118924870809	
	P(45) = 0.5		P(46) = -0.5		P(47) = -0.5	
	P(48) = 0.5		P(49) = -0.5		P(50) = -0.2734273587709777	
	P(51) = 0.2322092071643192		P(52) = 0.1835216931614005		P(53) = -0.1069674007701176	
	P(54) = -0.4452530715834001	
================================================================================

================================================================================

NUMBER OF ITERATIONS: 3

NUMBER OF OBJECTIVE FUNCTION EVALUATIONS: 192

OBJECTIVE FUNCTION VALUE:
	F = 592.5614796812902

EQUALITY CONSTRAINTS VALUES:

INEQUALITY CONSTRAINTS VALUES:
	G(0) = -0.9118961322028922
	G(1) = 1.871308340838581
	G(2) = -3.534512478380268
	G(3) = -5.224285707964574
	G(4) = -1.987432946970932
	G(5) = -6.141823512388987
	G(6) = -2.482859600068406
	G(7) = -2.135095967076825
	G(8) = 1.397606026294615
	G(9) = -2.613009472171085
	G(10) = 0.2873838557706465
	G(11) = -4.328629330887773
	G(12) = 0.2215833513799421
	G(13) = -0.2193729746147353
	G(14) = 0.2149335563802082
	G(15) = -1.527044600485578
	G(16) = -0.6368336056854396
	G(17) = -2.026712646998474
	G(18) = -584.993644761732
	G(19) = 806.1040999215734
	G(20) = -321.5604678957841
	G(21) = -916.0128184090905
	G(22) = -971.3214811589373
	G(23) = -995.5385204067484
	G(24) = 0.5899726748466492
	G(25) = -0.2490696579999286
	G(26) = -0.3196650171532219
	G(27) = 0.06934844702482224
	G(28) = 0.06813994795084
	G(29) = 3.38290548324585
	G(30) = 3.38290548324585
	G(31) = 4.140909194946289
	G(32) = 1.497706651687622
	G(33) = 2.002928972244263
	G(34) = 0.3761726915836334
	G(35) = -0.3040109099560311
	G(36) = -0.2473352980423346
	G(37) = 0.1405084431171417
	G(38) = 0.1134210750460625
	G(39) = 0.0625000074505806
	G(40) = 3.469242811203003
	G(41) = 3.469242811203003
	G(42) = 4.216068744659424
	G(43) = 1.34041440486908
	G(44) = 2.126660346984863
	G(45) = -0.0519113289340358
	G(46) = -0.4172076782042621
	G(47) = 0.01465567573904991
	G(48) = -0.0008318607226540653
	G(49) = 0.3897000253200531
	G(50) = 3.234122753143311
	G(51) = 3.197322607040405
	G(52) = 3.922691583633423
	G(53) = 1.339479923248291
	G(54) = 1.935533285140991
	G(55) = -0.07324557473434362
	G(56) = -0.1924890773545386
	G(57) = -0.07222044960904137
	G(58) = 0.6474711298942566
	G(59) = 3.338246822357178
	G(60) = 2.622820854187012
	G(61) = 3.571060419082642
	G(62) = 1.244069218635559
	G(63) = 1.720695495605469
	G(64) = 1.043053269386292
	G(65) = 0.9881228804588318
	G(66) = -0.2447124447594047
	G(67) = 2.639008045196533
	G(68) = 3.245475769042969
	G(69) = 4.051871776580811
	G(70) = 0.7352660894393921
	G(71) = 2.008815288543701
	G(72) = -0.5519168648785234
	G(73) = 2.284626007080078
	G(74) = 3.066643714904785
	G(75) = 3.353142261505127
	G(76) = 0.9049735069274902
	G(77) = 1.510770320892334
	G(78) = -0.08528714720058439
	G(79) = 3.177624940872192
	G(80) = 2.370825052261353
	G(81) = 3.326184749603271
	G(82) = 1.229296088218689
	G(83) = 1.363777279853821
	G(84) = -0.06516099249696244
	G(85) = 3.092985868453979
	G(86) = 2.592567920684814
	G(87) = 3.334343433380127
	G(88) = 1.433339476585388
	G(89) = 1.351890206336975
	G(90) = 1.36617386341095
	G(91) = 1.36617386341095
	G(92) = 1.200002908706665
	G(93) = 1.200002670288086
	G(94) = 0.1174999922513962
	G(95) = 7.489999771118164
	G(96) = 1.603160977363586
	G(97) = 1.603160858154297
	G(98) = 1.694999933242798
	G(99) = 1.603160977363586
	G(100) = 1.603160858154297
	G(101) = 4.694999694824219
	G(102) = 6.320000171661377
	G(103) = 1.135000228881836
	G(104) = 4.134999752044678

LAGRANGIAN MULTIPLIERS VALUES:
	L(0) = 0
	L(1) = 122.3891637866105
	L(2) = 0
	L(3) = 0
	L(4) = 0
	L(5) = 0
	L(6) = 0
	L(7) = 0
	L(8) = 69.30569606905503
	L(9) = 0
	L(10) = 12.12291377272464
	L(11) = 0
	L(12) = 0.2429522374037325
	L(13) = 0
	L(14) = 0
	L(15) = 0
	L(16) = 0
	L(17) = 0
	L(18) = 0
	L(19) = 1294822.259584277
	L(20) = 0
	L(21) = 0
	L(22) = 0
	L(23) = 0
	L(24) = 21.99851413469617
	L(25) = 0
	L(26) = 0
	L(27) = 1.292042274102869
	L(28) = 0
	L(29) = 285.0251785827313
	L(30) = 285.0251785827313
	L(31) = 385.1231748800425
	L(32) = 84.96545117501313
	L(33) = 130.7749327642481
	L(34) = 11.5235139538746
	L(35) = 0
	L(36) = 0
	L(37) = 0
	L(38) = 0.05417284020960739
	L(39) = 0.8237713828198844
	L(40) = 295.9179910002948
	L(41) = 295.9179910002948
	L(42) = 395.5796946139684
	L(43) = 72.083091115518
	L(44) = 142.9487655862403
	L(45) = 0
	L(46) = 0
	L(47) = 0
	L(48) = 0
	L(49) = 11.658942946256
	L(50) = 266.5741768207341
	L(51) = 262.0737470058164
	L(52) = 355.2460170298971
	L(53) = 71.98002224674444
	L(54) = 124.2997954507539
	L(55) = 0
	L(56) = 0
	L(57) = 0
	L(58) = 25.16676093784993
	L(59) = 275.0968586634759
	L(60) = 195.2364978365123
	L(61) = 309.5545681005487
	L(62) = 67.00153629633199
	L(63) = 109.4965186066431
	L(64) = 45.34032281528124
	L(65) = 41.91119549914766
	L(66) = 0
	L(67) = 196.3863115139472
	L(68) = 264.213615247102
	L(69) = 341.780614031491
	L(70) = 30.96479296150608
	L(71) = 106.4001919552644
	L(72) = 0
	L(73) = 160.9845359279728
	L(74) = 242.626102572765
	L(75) = 291.2515526723047
	L(76) = 43.24832774661071
	L(77) = 91.26605950528359
	L(78) = 0
	L(79) = 249.1052763005468
	L(80) = 176.873421128588
	L(81) = 323.3135796779716
	L(82) = 59.40596627367051
	L(83) = 96.12768026408618
	L(84) = 0
	L(85) = 240.8589227690759
	L(86) = 196.6347729191228
	L(87) = 316.4462512965191
	L(88) = 76.89629246732095
	L(89) = 91.39665967399813
	L(90) = 74.14480160296476
	L(91) = 74.14480160296476
	L(92) = 61.18797338975335
	L(93) = 61.18795539277991
	L(94) = 2.036240698045842
	L(95) = 931.7021062671909
	L(96) = 93.98434020000519
	L(97) = 93.9843298363562
	L(98) = 102.0791765741134
	L(99) = 93.98434020000519
	L(100) = 93.9843298363562
	L(101) = 464.3449030757373
	L(102) = 723.1834382409684
	L(103) = 56.34654360826632
	L(104) = 384.3049650490852

PENALTY FACTOR:
	rp(0) = 1
	rp(1) = 174.9208133603678
	rp(2) = 1
	rp(3) = 1
	rp(4) = 1
	rp(5) = 1
	rp(6) = 1
	rp(7) = 1
	rp(8) = 131.6298750940065
	rp(9) = 1
	rp(10) = 55.0520521250676
	rp(11) = 1
	rp(12) = 7.793462603421737
	rp(13) = 1
	rp(14) = 1
	rp(15) = 1
	rp(16) = 1
	rp(17) = 1
	rp(18) = 1
	rp(19) = 17991.8193881572
	rp(20) = 1
	rp(21) = 1
	rp(22) = 1
	rp(23) = 1
	rp(24) = 74.1594804032097
	rp(25) = 1
	rp(26) = 1
	rp(27) = 17.97249477745694
	rp(28) = 2.459174538940925
	rp(29) = 266.9387469920446
	rp(30) = 266.9387469920446
	rp(31) = 310.2914657543946
	rp(32) = 145.7441689871443
	rp(33) = 180.8140846036669
	rp(34) = 53.67381566898938
	rp(35) = 1
	rp(36) = 1
	rp(37) = 3.338356077130942
	rp(38) = 3.680110059821832
	rp(39) = 14.35070889207119
	rp(40) = 271.991723679368
	rp(41) = 271.991723679368
	rp(42) = 314.4756328453639
	rp(43) = 134.2414719037284
	rp(44) = 189.0428295296071
	rp(45) = 1.792809211784627
	rp(46) = 1
	rp(47) = 1
	rp(48) = 1
	rp(49) = 53.98829258796763
	rp(50) = 258.154109409832
	rp(51) = 255.9656944816123
	rp(52) = 298.0125907700449
	rp(53) = 134.1454641860324
	rp(54) = 176.2808805931275
	rp(55) = 1
	rp(56) = 1
	rp(57) = 1
	rp(58) = 79.32017545657904
	rp(59) = 262.2483835333766
	rp(60) = 220.9278716213237
	rp(61) = 278.188141417166
	rp(62) = 129.4232748545755
	rp(63) = 165.4512908733588
	rp(64) = 106.466336012001
	rp(65) = 102.3611199371466
	rp(66) = 1
	rp(67) = 221.5774760179536
	rp(68) = 257.0085675843814
	rp(69) = 292.3100297763879
	rp(70) = 87.98407947109818
	rp(71) = 163.0952114220896
	rp(72) = 1
	rp(73) = 200.6143912634215
	rp(74) = 246.2854556062766
	rp(75) = 269.8386335721336
	rp(76) = 103.9811614507776
	rp(77) = 151.0513650263409
	rp(78) = 1
	rp(79) = 249.5522371671645
	rp(80) = 210.2816094720292
	rp(81) = 284.3033501728266
	rp(82) = 121.8666958952183
	rp(83) = 155.022321186407
	rp(84) = 1
	rp(85) = 245.3869000013427
	rp(86) = 221.7175979253354
	rp(87) = 281.267777792142
	rp(88) = 138.6509037721364
	rp(89) = 151.1594023489757
	rp(90) = 136.147715370994
	rp(91) = 136.147715370994
	rp(92) = 123.6810144987433
	rp(93) = 123.6809963098413
	rp(94) = 22.56236190010834
	rp(95) = 482.6235868322203
	rp(96) = 153.2843274767557
	rp(97) = 153.2843190254275
	rp(98) = 159.7491600714331
	rp(99) = 153.2843274767557
	rp(100) = 153.2843190254275
	rp(101) = 340.714287591428
	rp(102) = 425.2009637339056
	rp(103) = 118.6871345263107
	rp(104) = 309.9616770864929

BEST POSITION:
	P(0) = 0.6215187314471484		P(1) = -0.3007056170959738		P(2) = -0.4363323129985824	
	P(3) = 0.4363323129985824		P(4) = 0.3983997771044128		P(5) = 0.3992003814635119	
	P(6) = 0.2834203220262743		P(7) = 0.0124079670189592		P(8) = -0.5	
	P(9) = 0.1760228579460077		P(10) = -0.5		P(11) = 0.02904319423952491	
	P(12) = 0.5		P(13) = -0.4945283809568672		P(14) = 0.148825650856768	
	P(15) = -0.04882135594244626		P(16) = -0.5		P(17) = -0.1812804086930377	
	P(18) = 0.03438443699735019		P(19) = 0.3148717619273531		P(20) = -0.3089313718303895	
	P(21) = -0.04999402343913662		P(22) = 0.04591612749910337		P(23) = 0.1624099386355352	
	P(24) = -0.5		P(25) = 0.5		P(26) = 0.04365505863848684	
	P(27) = 0.314798456093062		P(28) = 0.5		P(29) = -0.2443810488647349	
	P(30) = -0.1765773347953707		P(31) = 0.3782394967868899		P(32) = -0.5	
	P(33) = 0.5		P(34) = -0.5		P(35) = -0.5	
	P(36) = -0.5		P(37) = 0.5		P(38) = 0.1375598123655133	
	P(39) = 0.4059955090252679		P(40) = 0.5		P(41) = -0.121224864431895	
	P(42) = -0.5		P(43) = -0.5		P(44) = -0.4302643056621289	
	P(45) = 0.5		P(46) = -0.3652822519626805		P(47) = -0.4717596649378615	
	P(48) = 0.5		P(49) = -0.4972892975086562		P(50) = -0.3665044891945008	
	P(51) = 0.1732593169255142		P(52) = -0.0301104863048489		P(53) = -0.2937413236906814	
	P(54) = -0.4858319956965807	
================================================================================

================================================================================

NUMBER OF ITERATIONS: 4

NUMBER OF OBJECTIVE FUNCTION EVALUATIONS: 252

OBJECTIVE FUNCTION VALUE:
	F = 686.6141296646646

EQUALITY CONSTRAINTS VALUES:

INEQUALITY CONSTRAINTS VALUES:
	G(0) = -0.1343021757055953
	G(1) = 1.673605719068919
	G(2) = -3.634125617117498
	G(3) = -5.750793448878351
	G(4) = -2.23689488409077
	G(5) = -6.572673314657724
	G(6) = -3.134549249590758
	G(7) = -2.216949240678098
	G(8) = 1.224362686172741
	G(9) = -2.436750641500137
	G(10) = 0.2723272769439169
	G(11) = -3.975305678139685
	G(12) = 0.1284508021705772
	G(13) = -0.1997337500451479
	G(14) = 0.165338822518581
	G(15) = -1.384249724050534
	G(16) = -0.5173510688984275
	G(17) = -1.759791952142177
	G(18) = -546.5580729443761
	G(19) = 753.4066286604007
	G(20) = -322.3274243844626
	G(21) = -920.9050918144388
	G(22) = -971.4664504887348
	G(23) = -995.6087101287369
	G(24) = 0.5899707674980164
	G(25) = -0.2319962554574733
	G(26) = -0.3261770762584087
	G(27) = 0.1176934912800789
	G(28) = 0.1465997397899628
	G(29) = 3.38290548324585
	G(30) = 3.38290548324585
	G(31) = 4.140909194946289
	G(32) = 1.497706651687622
	G(33) = 2.002928972244263
	G(34) = 0.3768429160118103
	G(35) = -0.2148455558844707
	G(36) = -1
	G(37) = 0.1316279768943787
	G(38) = 0.1363947689533234
	G(39) = 0.0625000074505806
	G(40) = 3.469242811203003
	G(41) = 3.469242811203003
	G(42) = 4.216068744659424
	G(43) = 1.34041440486908
	G(44) = 2.126660346984863
	G(45) = -0.0751784050808274
	G(46) = -0.3296987870073214
	G(47) = 0.02675981633365154
	G(48) = 0.00588088808581233
	G(49) = 0.3897000253200531
	G(50) = 3.234122037887573
	G(51) = 3.197322130203247
	G(52) = 3.922327995300293
	G(53) = 1.339116334915161
	G(54) = 1.935534000396729
	G(55) = 0.003167630173265934
	G(56) = -0.1977154866796124
	G(57) = -0.1628725902534348
	G(58) = 0.6474708318710327
	G(59) = 3.568915367126465
	G(60) = 2.625850915908813
	G(61) = 3.570662498474121
	G(62) = 0.9204544425010681
	G(63) = 1.857622981071472
	G(64) = 1.020724177360535
	G(65) = 0.9972308874130249
	G(66) = -1
	G(67) = 2.662965536117554
	G(68) = 3.521288871765137
	G(69) = 3.812345027923584
	G(70) = 0.7679927349090576
	G(71) = 1.692026376724243
	G(72) = -0.5904374844602824
	G(73) = 2.299631595611572
	G(74) = 3.249335289001465
	G(75) = 2.868522882461548
	G(76) = 0.9077532887458801
	G(77) = 1.135515213012695
	G(78) = 0.05364874005317688
	G(79) = 3.721865653991699
	G(80) = 2.522854089736938
	G(81) = 3.560069561004639
	G(82) = 0.8051438331604004
	G(83) = 1.751081585884094
	G(84) = 0.07172953337430954
	G(85) = 3.667977333068848
	G(86) = 2.560225009918213
	G(87) = 3.532433032989502
	G(88) = 0.9923599362373352
	G(89) = 1.687787652015686
	G(90) = 1.36617386341095
	G(91) = 1.36617386341095
	G(92) = 1.200002908706665
	G(93) = 1.200002670288086
	G(94) = 0.1174999922513962
	G(95) = 7.489999771118164
	G(96) = 1.603160977363586
	G(97) = 1.603160858154297
	G(98) = 1.694999933242798
	G(99) = 1.603160977363586
	G(100) = 1.603160858154297
	G(101) = 4.694999694824219
	G(102) = 6.320000171661377
	G(103) = 1.135000228881836
	G(104) = 4.134999752044678

LAGRANGIAN MULTIPLIERS VALUES:
	L(0) = 0
	L(1) = 777.0507178416605
	L(2) = 0
	L(3) = 0
	L(4) = 0
	L(5) = 0
	L(6) = 0
	L(7) = 0
	L(8) = 437.2391094126368
	L(9) = 0
	L(10) = 43.76505578830172
	L(11) = 0
	L(12) = 3.696755362444607
	L(13) = 0
	L(14) = 0.4298671127604163
	L(15) = 0
	L(16) = 0
	L(17) = 0
	L(18) = 0
	L(19) = 30301381.00726822
	L(20) = 0
	L(21) = 0
	L(22) = 0
	L(23) = 0
	L(24) = 109.5026481721347
	L(25) = 0
	L(26) = 0
	L(27) = 3.784771478059603
	L(28) = 0.3351360501709312
	L(29) = 2091.08228036306
	L(30) = 2091.08228036306
	L(31) = 2954.900742191511
	L(32) = 521.5294738484749
	L(33) = 855.0904700492675
	L(34) = 51.90476136940966
	L(35) = 0
	L(36) = 0
	L(37) = 0.9381344299366348
	L(38) = 0.8889769187552503
	L(39) = 2.617610208171009
	L(40) = 2183.128655163017
	L(41) = 2183.128655163017
	L(42) = 3047.281467806631
	L(43) = 431.9614964566888
	L(44) = 947.0085444711094
	L(45) = 0
	L(46) = 0
	L(47) = 0.02931135147809982
	L(48) = 0
	L(49) = 53.73742092329084
	L(50) = 1936.378334940305
	L(51) = 1898.883550191529
	L(52) = 2693.268980290791
	L(53) = 431.3503343907706
	L(54) = 806.6948192946795
	L(55) = 0
	L(56) = 0
	L(57) = 0
	L(58) = 127.8818081904138
	L(59) = 2025.996524660678
	L(60) = 1354.14495575563
	L(61) = 2296.407889846561
	L(62) = 389.0245611395059
	L(63) = 678.8791005024406
	L(64) = 267.4404425290755
	L(65) = 244.2019248577182
	L(66) = 0
	L(67) = 1365.87579520539
	L(68) = 1932.443772310206
	L(69) = 2710.586133356376
	L(70) = 160.3482130527842
	L(71) = 761.656500341186
	L(72) = 0
	L(73) = 1077.642247277875
	L(74) = 1753.165591587664
	L(75) = 2100.866204707339
	L(76) = 231.4487204116182
	L(77) = 547.6738979294239
	L(78) = 0
	L(79) = 1835.072102046215
	L(80) = 1173.955236660838
	L(81) = 2214.604514889921
	L(82) = 359.0264713699274
	L(83) = 518.9595192725332
	L(84) = 0
	L(85) = 1758.815350784841
	L(86) = 1346.27063658416
	L(87) = 2192.132987101818
	L(88) = 474.3639201490111
	L(89) = 500.0984909366595
	L(90) = 446.1477022088952
	L(91) = 446.1477022088952
	L(92) = 358.0231276903196
	L(93) = 358.0230070641808
	L(94) = 7.338395394917694
	L(95) = 8161.403216086306
	L(96) = 585.4632447043168
	L(97) = 585.4631706971591
	L(98) = 643.6288078874576
	L(99) = 585.4632447043168
	L(100) = 585.4631706971591
	L(101) = 3663.651855603749
	L(102) = 6097.7237658187
	L(103) = 325.7663933136502
	L(104) = 2947.687880841087

PENALTY FACTOR:
	rp(0) = 1
	rp(1) = 440.752401536753
	rp(2) = 1
	rp(3) = 1
	rp(4) = 1
	rp(5) = 1
	rp(6) = 1
	rp(7) = 1
	rp(8) = 330.620291804903
	rp(9) = 1
	rp(10) = 104.6004968777655
	rp(11) = 1
	rp(12) = 30.40047434845634
	rp(13) = 1
	rp(14) = 10.36661845493042
	rp(15) = 1
	rp(16) = 1
	rp(17) = 1
	rp(18) = 1
	rp(19) = 87036.45932491196
	rp(20) = 1
	rp(21) = 1
	rp(22) = 1
	rp(23) = 1
	rp(24) = 165.4559217526943
	rp(25) = 1
	rp(26) = 1
	rp(27) = 35.94498955491389
	rp(28) = 9.153360723949035
	rp(29) = 723.0287477623314
	rp(30) = 723.0287477623314
	rp(31) = 859.4912364578697
	rp(32) = 361.0849878659022
	rp(33) = 462.3555098755901
	rp(34) = 113.913082402121
	rp(35) = 1
	rp(36) = 1
	rp(37) = 15.31449011505635
	rp(38) = 14.90785798459365
	rp(39) = 25.58129300959497
	rp(40) = 738.7707112431801
	rp(41) = 738.7707112431801
	rp(42) = 872.8232163225596
	rp(43) = 328.6188888578564
	rp(44) = 486.5718201024155
	rp(45) = 1
	rp(46) = 1
	rp(47) = 2.706997944130168
	rp(48) = 1
	rp(49) = 115.9066660327296
	rp(50) = 695.7690591964234
	rp(51) = 688.9999183946849
	rp(52) = 820.55910516714
	rp(53) = 328.38633284242
	rp(54) = 449.0809557570549
	rp(55) = 1
	rp(56) = 1
	rp(57) = 1
	rp(58) = 178.8028300883502
	rp(59) = 711.6875235418768
	rp(60) = 581.8386708864472
	rp(61) = 757.6951712012161
	rp(62) = 311.8591673895069
	rp(63) = 411.9705998316022
	rp(64) = 258.5732210269828
	rp(65) = 247.0839558013218
	rp(66) = 1
	rp(67) = 584.3534451009486
	rp(68) = 695.0618268021568
	rp(69) = 823.1928895095571
	rp(70) = 200.2175148761867
	rp(71) = 436.3646698408299
	rp(72) = 1
	rp(73) = 519.0477452214477
	rp(74) = 662.0357980478972
	rp(75) = 724.7182564119898
	rp(76) = 240.545588408735
	rp(77) = 370.0249646744878
	rp(78) = 1
	rp(79) = 677.3241657519344
	rp(80) = 541.7460744345171
	rp(81) = 744.0773674306189
	rp(82) = 299.5940884638445
	rp(83) = 360.1942251315716
	rp(84) = 1
	rp(85) = 663.1016797567402
	rp(86) = 580.1445157424484
	rp(87) = 740.2926764297041
	rp(88) = 344.3704110942936
	rp(89) = 353.5882106832252
	rp(90) = 333.9714442167531
	rp(91) = 333.9714442167531
	rp(92) = 299.1751692948128
	rp(93) = 299.1751188953473
	rp(94) = 42.83221741550889
	rp(95) = 1428.408486400713
	rp(96) = 382.5778498241622
	rp(97) = 382.5778256437372
	rp(98) = 401.1323995538934
	rp(99) = 382.5778498241622
	rp(100) = 382.5778256437372
	rp(101) = 957.033418382523
	rp(102) = 1234.678476954497
	rp(103) = 285.3797440751753
	rp(104) = 858.4415939423436

BEST POSITION:
	P(0) = 0.7082847049749917		P(1) = -0.4122590678338841		P(2) = -0.4363323129985824	
	P(3) = 0.4363323129985824		P(4) = 0.4363323129985824		P(5) = 0.4091733223903569	
	P(6) = 0.3721715833348007		P(7) = -0.1951397541635056		P(8) = -0.5	
	P(9) = -0.1808753784460527		P(10) = -0.5		P(11) = 0.1407102300488823	
	P(12) = 0.5		P(13) = -0.5		P(14) = 0.1986032770452344	
	P(15) = -0.1767350866401015		P(16) = -0.4609388677918366		P(17) = -0.1758073424197743	
	P(18) = 0.01605390252057194		P(19) = 0.03988029034888241		P(20) = -0.5	
	P(21) = -0.09829655522900475		P(22) = 0.08824725949523776		P(23) = 0.1582150895364527	
	P(24) = -0.5		P(25) = 0.4999689505000013		P(26) = 0.05976288283079641	
	P(27) = 0.35887763024768		P(28) = 0.5		P(29) = -0.3432530795044124	
	P(30) = -0.3580588126375285		P(31) = 0.470445192032601		P(32) = -0.4999785477312887	
	P(33) = 0.5		P(34) = -0.5		P(35) = -0.5	
	P(36) = -0.5		P(37) = 0.5		P(38) = -0.03757997245955752	
	P(39) = 0.3816174987556487		P(40) = 0.5		P(41) = -0.229750584966238	
	P(42) = -0.4999640042284979		P(43) = -0.4984281773522089		P(44) = -0.5	
	P(45) = 0.4959066807616854		P(46) = -0.3507142424810136		P(47) = -0.4735641715150057	
	P(48) = 0.5		P(49) = -0.4808155996364332		P(50) = -0.5	
	P(51) = 0.08420034640562699		P(52) = -0.08221761931277592		P(53) = -0.3617139992966913	
	P(54) = -0.4889189897744646	
================================================================================

================================================================================

NUMBER OF ITERATIONS: 5

NUMBER OF OBJECTIVE FUNCTION EVALUATIONS: 312

OBJECTIVE FUNCTION VALUE:
	F = 757.502667494271

EQUALITY CONSTRAINTS VALUES:

INEQUALITY CONSTRAINTS VALUES:
	G(0) = -0.3446493643572297
	G(1) = 1.540400041726254
	G(2) = -3.691946080309461
	G(3) = -6.053162500952621
	G(4) = -2.34826780922934
	G(5) = -6.638192790923497
	G(6) = -3.357049729353476
	G(7) = -2.282210774941515
	G(8) = 1.216259320845014
	G(9) = -2.459083080613497
	G(10) = 0.1217462791361563
	G(11) = -4.075076215949436
	G(12) = 0.01067668637597197
	G(13) = -0.1999975339858699
	G(14) = 0.130269124616909
	G(15) = -1.381531644053713
	G(16) = -0.5558673052786314
	G(17) = -1.72762175855021
	G(18) = -496.5511142953318
	G(19) = 726.4064971782082
	G(20) = -313.1598507898349
	G(21) = -920.6415690149646
	G(22) = -971.5979597040381
	G(23) = -995.6300398677514
	G(24) = 0.5940737128257751
	G(25) = -0.2307783577747073
	G(26) = -0.2357807740459498
	G(27) = 0.2454356253147125
	G(28) = 0.2318573743104935
	G(29) = 3.38290548324585
	G(30) = 3.38290548324585
	G(31) = 4.140909194946289
	G(32) = 1.497706651687622
	G(33) = 2.002928972244263
	G(34) = 0.3817541897296906
	G(35) = -0.2177093161552751
	G(36) = -0.2217855936362027
	G(37) = 0.1913365423679352
	G(38) = 0.2001204341650009
	G(39) = 0.0625000074505806
	G(40) = 3.469242811203003
	G(41) = 3.469242811203003
	G(42) = 4.216068744659424
	G(43) = 1.34041440486908
	G(44) = 2.126660346984863
	G(45) = -0.06357424460740629
	G(46) = -0.2510427942917495
	G(47) = 0.02748881280422211
	G(48) = 0.02354885078966618
	G(49) = 0.3897000253200531
	G(50) = 3.23413348197937
	G(51) = 3.197333574295044
	G(52) = 3.922327995300293
	G(53) = 1.339116334915161
	G(54) = 1.935546636581421
	G(55) = 0.03385027870535851
	G(56) = -0.2136095691095795
	G(57) = -0.20128859458361
	G(58) = 0.6515737175941467
	G(59) = 3.575618743896484
	G(60) = 2.622777938842773
	G(61) = 3.59109902381897
	G(62) = 0.9424225091934204
	G(63) = 2.008003711700439
	G(64) = 1.037716627120972
	G(65) = 1.010088205337524
	G(66) = -0.1903156789723277
	G(67) = 2.6427321434021
	G(68) = 3.631529808044434
	G(69) = 3.805413722991943
	G(70) = 0.8224154710769653
	G(71) = 1.844588160514832
	G(72) = -0.4790208420757773
	G(73) = 2.299434423446655
	G(74) = 3.313488721847534
	G(75) = 2.906702518463135
	G(76) = 0.9990900754928589
	G(77) = 1.167618989944458
	G(78) = 0.08100363612174988
	G(79) = 3.903323173522949
	G(80) = 2.641278505325317
	G(81) = 3.607046604156494
	G(82) = 0.9360179901123047
	G(83) = 1.873992919921875
	G(84) = 0.1460571438074112
	G(85) = 3.872156620025635
	G(86) = 2.615496635437012
	G(87) = 3.56111478805542
	G(88) = 1.132794737815857
	G(89) = 1.812429904937744
	G(90) = 1.36617386341095
	G(91) = 1.36617386341095
	G(92) = 1.200002908706665
	G(93) = 1.200002670288086
	G(94) = 0.1174999922513962
	G(95) = 7.489999771118164
	G(96) = 1.603160977363586
	G(97) = 1.603160858154297
	G(98) = 1.694999933242798
	G(99) = 1.603160977363586
	G(100) = 1.603160858154297
	G(101) = 4.694999694824219
	G(102) = 6.320000171661377
	G(103) = 1.135000228881836
	G(104) = 4.134999752044678

LAGRANGIAN MULTIPLIERS VALUES:
	L(0) = 0
	L(1) = 2252.342197652201
	L(2) = 0
	L(3) = 0
	L(4) = 0
	L(5) = 0
	L(6) = 0
	L(7) = 0
	L(8) = 1246.83740656757
	L(9) = 0
	L(10) = 100.7361927517069
	L(11) = 0
	L(12) = 11.50668599529515
	L(13) = 0
	L(14) = 3.857876090435592
	L(15) = 0
	L(16) = 0
	L(17) = 0
	L(18) = 0
	L(19) = 161449071.7883083
	L(20) = 0
	L(21) = 0
	L(22) = 0
	L(23) = 0
	L(24) = 304.7309624591923
	L(25) = 0
	L(26) = 0
	L(27) = 12.24575410754717
	L(28) = 3.018896650840119
	L(29) = 6982.958111062202
	L(30) = 6982.958111062202
	L(31) = 10073.05107023981
	L(32) = 1603.128250151087
	L(33) = 2707.220962462443
	L(34) = 137.7594376580275
	L(35) = 0
	L(36) = 0
	L(37) = 4.96976513196429
	L(38) = 4.955684609550465
	L(39) = 5.81527221556135
	L(40) = 7309.07861337848
	L(41) = 7309.07861337848
	L(42) = 10407.04683170794
	L(43) = 1312.932481130973
	L(44) = 3016.554536015228
	L(45) = 0
	L(46) = 0
	L(47) = 0.1741888870790911
	L(48) = 0.01176177617162466
	L(49) = 144.0750822987262
	L(50) = 6436.782430195218
	L(51) = 6304.792923774644
	L(52) = 9130.272880282053
	L(53) = 1310.845339335114
	L(54) = 2545.117736891557
	L(55) = 0.006335260346531868
	L(56) = 0
	L(57) = 0
	L(58) = 359.4210424668119
	L(59) = 7105.901603382241
	L(60) = 4409.788169472317
	L(61) = 7707.355356012784
	L(62) = 963.1288732562177
	L(63) = 2209.451208048407
	L(64) = 795.3043191695369
	L(65) = 737.0014298762637
	L(66) = 0
	L(67) = 4478.101965636164
	L(68) = 6827.470724124569
	L(69) = 8987.176772043991
	L(70) = 467.8794067056992
	L(71) = 2238.337562823686
	L(72) = 0
	L(73) = 3464.879436362249
	L(74) = 6055.518153946223
	L(75) = 6258.608008418196
	L(76) = 668.1608183543024
	L(77) = 1388.011851094156
	L(78) = 0.1072974801063538
	L(79) = 6876.891200307626
	L(80) = 3907.447835632945
	L(81) = 7512.538888534342
	L(82) = 841.4591369258791
	L(83) = 1780.418469211903
	L(84) = 0.1434590667486191
	L(85) = 6623.299212520044
	L(86) = 4316.871633725574
	L(87) = 7422.201595702809
	L(88) = 1157.842718540127
	L(89) = 1693.662122715596
	L(90) = 1358.673818637967
	L(91) = 1358.673818637967
	L(92) = 1076.045274423488
	L(93) = 1076.044890180525
	L(94) = 17.40396582378252
	L(95) = 29558.96168849548
	L(96) = 1812.131003987844
	L(97) = 1812.130761236796
	L(98) = 2003.467588818203
	L(99) = 1812.131003987844
	L(100) = 1812.130761236796
	L(101) = 12650.1950700888
	L(102) = 21704.06013841675
	L(103) = 973.5785430007776
	L(104) = 10046.99943703394

PENALTY FACTOR:
	rp(0) = 1
	rp(1) = 750.3902647376566
	rp(2) = 1
	rp(3) = 1
	rp(4) = 1
	rp(5) = 1
	rp(6) = 1
	rp(7) = 1
	rp(8) = 558.3093691152716
	rp(9) = 1
	rp(10) = 158.6948272248554
	rp(11) = 1
	rp(12) = 53.63461101587098
	rp(13) = 1
	rp(14) = 31.05590157456225
	rp(15) = 1
	rp(16) = 1
	rp(17) = 1
	rp(18) = 1
	rp(19) = 200903.6285064983
	rp(20) = 1
	rp(21) = 1
	rp(22) = 1
	rp(23) = 1
	rp(24) = 276.0122109885685
	rp(25) = 1
	rp(26) = 1
	rp(27) = 71.88997910982778
	rp(28) = 27.47224349611858
	rp(29) = 1321.264367099011
	rp(30) = 1321.264367099011
	rp(31) = 1586.903515516917
	rp(32) = 633.0735048458209
	rp(33) = 822.6817371350909
	rp(34) = 227.826164804242
	rp(35) = 1
	rp(36) = 1
	rp(37) = 35.24828056786703
	rp(38) = 35.1983117832037
	rp(39) = 38.12896607423728
	rp(40) = 1351.765383986667
	rp(41) = 1351.765383986667
	rp(42) = 1612.997739591406
	rp(43) = 572.9163292163553
	rp(44) = 868.4115579630474
	rp(45) = 1
	rp(46) = 1
	rp(47) = 6.599031881251428
	rp(48) = 2
	rp(49) = 189.7861179714722
	rp(50) = 1268.540739412339
	rp(51) = 1255.467335673717
	rp(52) = 1510.817070353163
	rp(53) = 572.4607714365924
	rp(54) = 898.1619115141098
	rp(55) = 2
	rp(56) = 1
	rp(57) = 1
	rp(58) = 299.758670628062
	rp(59) = 1423.375047083754
	rp(60) = 1163.677341772894
	rp(61) = 1388.106205952266
	rp(62) = 490.6956473355499
	rp(63) = 823.9411996632044
	rp(64) = 445.899181197257
	rp(65) = 494.1679116026436
	rp(66) = 1
	rp(67) = 1168.706890201897
	rp(68) = 1390.123653604314
	rp(69) = 1498.931016761945
	rp(70) = 400.4350297523734
	rp(71) = 748.0537351727625
	rp(72) = 1
	rp(73) = 1038.095490442895
	rp(74) = 1324.071596095794
	rp(75) = 1250.860504654515
	rp(76) = 481.0911768174701
	rp(77) = 589.0695737971356
	rp(78) = 5.179224848043232
	rp(79) = 1354.648331503869
	rp(80) = 1083.492148869034
	rp(81) = 1488.154734861238
	rp(82) = 458.6554090289024
	rp(83) = 720.3884502631432
	rp(84) = 5.988719953976373
	rp(85) = 1326.20335951348
	rp(86) = 1038.854132412916
	rp(87) = 1480.585352859408
	rp(88) = 538.0155012962283
	rp(89) = 707.1764213664504
	rp(90) = 582.8108223596159
	rp(91) = 582.8108223596159
	rp(92) = 518.6630106397332
	rp(93) = 518.6629180355303
	rp(94) = 65.96204557126491
	rp(95) = 2718.407699761732
	rp(96) = 673.0770765647578
	rp(97) = 673.0770314824293
	rp(98) = 707.7195046093832
	rp(99) = 673.0770765647578
	rp(100) = 673.0770314824293
	rp(101) = 1778.355635839524
	rp(102) = 2329.38082644384
	rp(103) = 493.3504188203294
	rp(104) = 1584.850106243012

BEST POSITION:
	P(0) = 0.7826638603107225		P(1) = -0.4286928037157908		P(2) = -0.4363276111812635	
	P(3) = 0.4363323129985824		P(4) = 0.4363323129985824		P(5) = 0.391851937266201	
	P(6) = 0.3673681306653981		P(7) = -0.02678708756788488		P(8) = -0.4994698469497473	
	P(9) = -0.1672835417213424		P(10) = -0.5		P(11) = 0.1820404131805916	
	P(12) = 0.5		P(13) = -0.5		P(14) = 0.2145657134643631	
	P(15) = -0.2248220977614656		P(16) = -0.5		P(17) = -0.1727682769499316	
	P(18) = -0.00633917655285602		P(19) = -0.1222588765429246		P(20) = -0.5	
	P(21) = -0.09354199282027391		P(22) = 0.09295360345468022		P(23) = 0.07547191146407475	
	P(24) = -0.4999710278993847		P(25) = 0.4999749638329334		P(26) = 0.07310139476990199	
	P(27) = 0.3720982143617125		P(28) = 0.5		P(29) = -0.4048424507358262	
	P(30) = -0.3924537110704251		P(31) = 0.4335095882797888		P(32) = -0.5	
	P(33) = 0.4999266130653995		P(34) = -0.5		P(35) = -0.5	
	P(36) = -0.4987802512159876		P(37) = 0.5		P(38) = -0.04445111804003299	
	P(39) = 0.3940428296911145		P(40) = 0.5		P(41) = -0.1240436155393031	
	P(42) = -0.4999545881007818		P(43) = -0.4953107132345944		P(44) = -0.5	
	P(45) = 0.4972812290600469		P(46) = -0.2844507800960122		P(47) = -0.4870829763718968	
	P(48) = 0.4944448443845071		P(49) = -0.4802430507338786		P(50) = -0.4133151604374352	
	P(51) = 0.07272628231109823		P(52) = -0.1282921565579389		P(53) = -0.3688045124895735	
	P(54) = -0.4107383118835282	
================================================================================

================================================================================

NUMBER OF ITERATIONS: 6

NUMBER OF OBJECTIVE FUNCTION EVALUATIONS: 372

OBJECTIVE FUNCTION VALUE:
	F = 668.145618145958

EQUALITY CONSTRAINTS VALUES:

INEQUALITY CONSTRAINTS VALUES:
	G(0) = -0.163868339828642
	G(1) = 1.599399067111129
	G(2) = -3.603204045293967
	G(3) = -6.117465069436035
	G(4) = -2.16054696399977
	G(5) = -6.296010476449708
	G(6) = -3.360841605002578
	G(7) = -2.24941971721064
	G(8) = 1.276883540558003
	G(9) = -2.355641622426861
	G(10) = 0.03420334443148354
	G(11) = -4.046730078383344
	G(12) = 0.09155102063735909
	G(13) = -0.2165853259202122
	G(14) = 0.1501643525966005
	G(15) = -1.353211597207635
	G(16) = -0.7119353874464238
	G(17) = -1.49614062315631
	G(18) = -525.5644455939822
	G(19) = 709.6892088067757
	G(20) = -315.1488144146388
	G(21) = -913.3462952437783
	G(22) = -967.6922552352532
	G(23) = -995.3737899642724
	G(24) = 0.5910216569900513
	G(25) = -0.2459980792116745
	G(26) = -0.2594664420661867
	G(27) = 0.1842526197433472
	G(28) = 0.2158840447664261
	G(29) = 3.38290548324585
	G(30) = 3.38290548324585
	G(31) = 4.140909194946289
	G(32) = 1.497706651687622
	G(33) = 2.002928972244263
	G(34) = 0.3798614740371704
	G(35) = -0.2357654818185915
	G(36) = -0.2029873145189593
	G(37) = 0.1446187794208527
	G(38) = 0.189095214009285
	G(39) = 0.0625000074505806
	G(40) = 3.469242811203003
	G(41) = 3.469242811203003
	G(42) = 4.216068744659424
	G(43) = 1.34041440486908
	G(44) = 2.126660346984863
	G(45) = -0.06955604511629063
	G(46) = -1
	G(47) = 0.01166842225939035
	G(48) = 0.03951122611761093
	G(49) = 0.3897000253200531
	G(50) = 3.234208822250366
	G(51) = 3.19740891456604
	G(52) = 3.922341823577881
	G(53) = 1.339130282402039
	G(54) = 1.935575842857361
	G(55) = 0.01753771305084229
	G(56) = -0.2132776100365143
	G(57) = -0.191150831601695
	G(58) = 0.6484473347663879
	G(59) = 3.568822145462036
	G(60) = 2.623078346252441
	G(61) = 3.590288639068604
	G(62) = 0.913907527923584
	G(63) = 2.005341529846191
	G(64) = 1.026649236679077
	G(65) = 1.014994859695435
	G(66) = -0.2087132955567599
	G(67) = 2.656321048736572
	G(68) = 3.590075731277466
	G(69) = 3.77594256401062
	G(70) = 0.8059346079826355
	G(71) = 1.659799218177795
	G(72) = -0.5441159605321886
	G(73) = 2.309349060058594
	G(74) = 3.284168243408203
	G(75) = 2.832440137863159
	G(76) = 0.9922407269477844
	G(77) = 1.025246262550354
	G(78) = -0.02505195786217456
	G(79) = 3.859601736068726
	G(80) = 2.558069229125977
	G(81) = 3.627746820449829
	G(82) = 0.8714872598648071
	G(83) = 1.875993132591248
	G(84) = 0.09613937884569168
	G(85) = 3.902096748352051
	G(86) = 2.50728964805603
	G(87) = 3.576098918914795
	G(88) = 1.044672250747681
	G(89) = 1.81827175617218
	G(90) = 1.36617386341095
	G(91) = 1.36617386341095
	G(92) = 1.200002908706665
	G(93) = 1.200002670288086
	G(94) = 0.1174999922513962
	G(95) = 7.489999771118164
	G(96) = 1.603160977363586
	G(97) = 1.603160858154297
	G(98) = 1.694999933242798
	G(99) = 1.603160977363586
	G(100) = 1.603160858154297
	G(101) = 4.694999694824219
	G(102) = 6.320000171661377
	G(103) = 1.135000228881836
	G(104) = 4.134999752044678

LAGRANGIAN MULTIPLIERS VALUES:
	L(0) = 0
	L(1) = 4564.144587877923
	L(2) = 0
	L(3) = 0
	L(4) = 0
	L(5) = 0
	L(6) = 0
	L(7) = 0
	L(8) = 2604.935354770667
	L(9) = 0
	L(10) = 139.3772022172695
	L(11) = 0
	L(12) = 12.65196583672257
	L(13) = 0
	L(14) = 11.94912631504981
	L(15) = 0
	L(16) = 0
	L(17) = 0
	L(18) = 0
	L(19) = 453324473.8959031
	L(20) = 0
	L(21) = 0
	L(22) = 0
	L(23) = 0
	L(24) = 632.6741603936525
	L(25) = 0
	L(26) = 0
	L(27) = 47.53447806091157
	L(28) = 15.75818113769729
	L(29) = 15922.38305561541
	L(30) = 15922.38305561541
	L(31) = 23215.497788033
	L(32) = 3499.445048580651
	L(33) = 6002.767134950667
	L(34) = 311.7066235461602
	L(35) = 0
	L(36) = 0
	L(37) = 18.4583333885054
	L(38) = 19.04348748141005
	L(39) = 10.58139354300688
	L(40) = 16688.2832950361
	L(41) = 16688.2832950361
	L(42) = 24008.06554190319
	L(43) = 2848.823082063609
	L(44) = 6710.187386381948
	L(45) = 0
	L(46) = 0
	L(47) = 0.5369879912247194
	L(48) = 0.1059571793302894
	L(49) = 291.9943922564808
	L(50) = 14642.04258737185
	L(51) = 14333.08865133529
	L(52) = 20982.11306192962
	L(53) = 2844.028479592865
	L(54) = 6021.986270764906
	L(55) = 0.1417363751679659
	L(56) = 0
	L(57) = 0
	L(58) = 750.0507852712233
	L(59) = 17284.79459927666
	L(60) = 10513.92268933862
	L(61) = 17677.00903831726
	L(62) = 1888.014119680735
	L(63) = 5518.405182341662
	L(64) = 1720.738307865578
	L(65) = 1735.307787808477
	L(66) = 0
	L(67) = 10655.26049554029
	L(68) = 16924.02169398797
	L(69) = 20395.28209405233
	L(70) = 1126.527333964733
	L(71) = 4998.039689480835
	L(72) = 0
	L(73) = 8238.944447460513
	L(74) = 14830.11075511038
	L(75) = 13530.36676666889
	L(76) = 1629.467658685331
	L(77) = 2763.629492622204
	L(78) = 0.9463695700735922
	L(79) = 17452.15164897413
	L(80) = 9631.056882625984
	L(81) = 18248.22585421561
	L(82) = 1700.078565152619
	L(83) = 4480.424179985148
	L(84) = 1.892849729829099
	L(85) = 16893.83344860076
	L(86) = 9751.110609797212
	L(87) = 17967.27038579459
	L(88) = 2376.764976003583
	L(89) = 4257.077511018416
	L(90) = 2951.115644279466
	L(91) = 2951.115644279466
	L(92) = 2320.83951723596
	L(93) = 2320.838663424619
	L(94) = 32.90504551080225
	L(95) = 70280.70778653793
	L(96) = 3970.232811801009
	L(97) = 3970.232264027432
	L(98) = 4402.636614953264
	L(99) = 3970.232811801009
	L(100) = 3970.232264027432
	L(101) = 29348.95340519979
	L(102) = 51147.43458439634
	L(103) = 2093.484219560824
	L(104) = 23153.70902971962

PENALTY FACTOR:
	rp(0) = 1
	rp(1) = 1068.192935274092
	rp(2) = 1
	rp(3) = 1
	rp(4) = 1
	rp(5) = 1
	rp(6) = 1
	rp(7) = 1
	rp(8) = 806.9906063224447
	rp(9) = 1
	rp(10) = 186.6662812462856
	rp(11) = 1
	rp(12) = 56.2404788313599
	rp(13) = 1
	rp(14) = 54.65602966519296
	rp(15) = 1
	rp(16) = 1
	rp(17) = 1
	rp(18) = 1
	rp(19) = 336646.8750396708
	rp(20) = 1
	rp(21) = 1
	rp(22) = 1
	rp(23) = 1
	rp(24) = 552.0244219771371
	rp(25) = 1
	rp(26) = 1
	rp(27) = 143.7799582196556
	rp(28) = 62.76579709064741
	rp(29) = 1995.143043469277
	rp(30) = 1995.143043469277
	rp(31) = 2409.123169746256
	rp(32) = 935.3401852508865
	rp(33) = 1225.027258365162
	rp(34) = 455.6523296084841
	rp(35) = 1
	rp(36) = 1
	rp(37) = 70.49656113573405
	rp(38) = 70.3966235664074
	rp(39) = 51.43295038933427
	rp(40) = 2042.56476611123
	rp(41) = 2042.56476611123
	rp(42) = 2449.901301170273
	rp(43) = 843.922846305219
	rp(44) = 1295.201469500204
	rp(45) = 1
	rp(46) = 1
	rp(47) = 13.19806376250286
	rp(48) = 5.146775187685231
	rp(49) = 270.1825273109277
	rp(50) = 2537.081478824678
	rp(51) = 2510.934671347433
	rp(52) = 2290.311827128001
	rp(53) = 843.2123812529179
	rp(54) = 1796.32382302822
	rp(55) = 5.952654348439146
	rp(56) = 1
	rp(57) = 1
	rp(58) = 599.517341256124
	rp(59) = 2846.750094167507
	rp(60) = 1621.25897756486
	rp(61) = 2776.212411904533
	rp(62) = 981.3912946710999
	rp(63) = 1647.882399326409
	rp(64) = 891.798362394514
	rp(65) = 988.3358232052872
	rp(66) = 1
	rp(67) = 1632.119825222729
	rp(68) = 2780.247307208627
	rp(69) = 2258.056802543524
	rp(70) = 800.8700595047468
	rp(71) = 1496.107470345525
	rp(72) = 1
	rp(73) = 1435.178076708646
	rp(74) = 2648.143192191589
	rp(75) = 2501.721009309031
	rp(76) = 962.1823536349401
	rp(77) = 1178.139147594271
	rp(78) = 15.38156014578489
	rp(79) = 2709.296663007738
	rp(80) = 2166.984297738069
	rp(81) = 2976.309469722476
	rp(82) = 917.3108180578048
	rp(83) = 1440.776900526286
	rp(84) = 21.75344645009785
	rp(85) = 2652.406719026961
	rp(86) = 2077.708264825833
	rp(87) = 2961.170705718816
	rp(88) = 1076.031002592457
	rp(89) = 1414.352842732901
	rp(90) = 858.9405748186929
	rp(91) = 858.9405748186929
	rp(92) = 761.715090640188
	rp(93) = 761.7149505268719
	rp(94) = 90.69873966985739
	rp(95) = 4191.679489969919
	rp(96) = 996.2721530536985
	rp(97) = 996.2720843257921
	rp(98) = 1049.12304032383
	rp(99) = 996.2721530536985
	rp(100) = 996.2720843257921
	rp(101) = 2708.733717311457
	rp(102) = 3575.871732333123
	rp(103) = 723.4438851011224
	rp(104) = 2405.915056154291

BEST POSITION:
	P(0) = 0.7534172812224864		P(1) = -0.4363323129985824		P(2) = -0.4363135938949907	
	P(3) = 0.4363323129985824		P(4) = 0.4363323129985824		P(5) = 0.3683224381660821	
	P(6) = 0.3484536501296043		P(7) = -0.1734258483684485		P(8) = -0.4996836751183417	
	P(9) = -0.17837692994559		P(10) = -0.5		P(11) = 0.1684368852726556	
	P(12) = 0.4999729718376996		P(13) = -0.5		P(14) = 0.2585716047940507	
	P(15) = -0.2703334642222605		P(16) = -0.4949781345273404		P(17) = -0.2327275797985354	
	P(18) = 0.01362138085822433		P(19) = -0.2180128658034685		P(20) = -0.5	
	P(21) = -0.07940965257887163		P(22) = 0.1181542645715839		P(23) = 0.1781465987229107	
	P(24) = -0.4999806261852103		P(25) = 0.4999929330223546		P(26) = 0.09767389163296247	
	P(27) = 0.499137864091108		P(28) = 0.5		P(29) = -0.3600816843452881	
	P(30) = -0.4061319560774042		P(31) = 0.4363023717484257		P(32) = -0.5	
	P(33) = 0.4999044769432949		P(34) = -0.5		P(35) = -0.5	
	P(36) = -0.4978730554673001		P(37) = 0.5		P(38) = -0.06773549986756448	
	P(39) = 0.3856582804473644		P(40) = 0.4999295593289703		P(41) = -0.1074977768110387	
	P(42) = -0.4999045393415774		P(43) = -0.4995986327206567		P(44) = -0.5	
	P(45) = 0.4961372366945177		P(46) = -0.2566256997115758		P(47) = -0.4864400541383334	
	P(48) = 0.4934673437305088		P(49) = -0.48025735659969		P(50) = -0.3085461989747625	
	P(51) = 0.09353517847720764		P(52) = -0.2259622775088674		P(53) = -0.4171350139818963	
	P(54) = -0.4066075376488084	
================================================================================

================================================================================

NUMBER OF ITERATIONS: 7

NUMBER OF OBJECTIVE FUNCTION EVALUATIONS: 432

OBJECTIVE FUNCTION VALUE:
	F = 657.1572381911311

EQUALITY CONSTRAINTS VALUES:

INEQUALITY CONSTRAINTS VALUES:
	G(0) = -0.140915277233697
	G(1) = 1.605814601783456
	G(2) = -3.506864398349043
	G(3) = -6.117301962740571
	G(4) = -2.241825895183003
	G(5) = -6.457297262656274
	G(6) = -3.379187092278269
	G(7) = -2.277851452143176
	G(8) = 1.196443940748393
	G(9) = -2.341409857434429
	G(10) = 0.1192852230786596
	G(11) = -3.891478909820003
	G(12) = 0.1120252578264176
	G(13) = -0.2056344245140143
	G(14) = 0.3374887679792486
	G(15) = -1.450497858284378
	G(16) = -0.7217261993404707
	G(17) = -1.535527981334384
	G(18) = -518.3870169019146
	G(19) = 688.4295245254034
	G(20) = -277.1389451905518
	G(21) = -912.158022755108
	G(22) = -965.4822718297683
	G(23) = -995.6242413983158
	G(24) = 0.5910780429840088
	G(25) = -0.2781726839824319
	G(26) = -0.2458746961609873
	G(27) = 0.1710439920425415
	G(28) = 0.1575274467468262
	G(29) = 3.38290548324585
	G(30) = 3.38290548324585
	G(31) = 4.140909194946289
	G(32) = 1.497706651687622
	G(33) = 2.002928972244263
	G(34) = 0.3804070055484772
	G(35) = -0.2244374334403073
	G(36) = -0.1928277087537013
	G(37) = 0.05880448594689369
	G(38) = 0.1568296402692795
	G(39) = 0.0625000074505806
	G(40) = 3.469242811203003
	G(41) = 3.469242811203003
	G(42) = 4.216068744659424
	G(43) = 1.34041440486908
	G(44) = 2.126660346984863
	G(45) = -0.07225293710962491
	G(46) = -0.2413182277433222
	G(47) = -0.0004007502053895037
	G(48) = 0.02049601636826992
	G(49) = 0.3897000253200531
	G(50) = 3.234163522720337
	G(51) = 3.197363376617432
	G(52) = 3.922442436218262
	G(53) = 1.33923077583313
	G(54) = 1.935622930526733
	G(55) = 0.0168570764362812
	G(56) = -0.2036131622410632
	G(57) = -0.2090026852664999
	G(58) = 0.6482377052307129
	G(59) = 3.568924188613892
	G(60) = 2.62409496307373
	G(61) = 3.59332799911499
	G(62) = 0.9032639265060425
	G(63) = 2.014902591705322
	G(64) = 1.009128928184509
	G(65) = 0.9857845306396484
	G(66) = -0.3248043529811502
	G(67) = 2.647959232330322
	G(68) = 3.585670709609985
	G(69) = 3.738544702529907
	G(70) = 0.8019429445266724
	G(71) = 1.637740135192871
	G(72) = -0.5058369163792372
	G(73) = 2.329777240753174
	G(74) = 3.316689729690552
	G(75) = 2.791365623474121
	G(76) = 0.9966380596160889
	G(77) = 1.011399507522583
	G(78) = 0.04287466406822205
	G(79) = 3.806703567504883
	G(80) = 2.594541311264038
	G(81) = 3.653369188308716
	G(82) = 0.9441561102867126
	G(83) = 1.896355986595154
	G(84) = 0.1552279442548752
	G(85) = 3.890626668930054
	G(86) = 2.551620244979858
	G(87) = 3.604292869567871
	G(88) = 1.159332752227783
	G(89) = 1.836426377296448
	G(90) = 1.36617386341095
	G(91) = 1.36617386341095
	G(92) = 1.200002908706665
	G(93) = 1.200002670288086
	G(94) = 0.1174999922513962
	G(95) = 7.489999771118164
	G(96) = 1.603160977363586
	G(97) = 1.603160858154297
	G(98) = 1.694999933242798
	G(99) = 1.603160977363586
	G(100) = 1.603160858154297
	G(101) = 4.694999694824219
	G(102) = 6.320000171661377
	G(103) = 1.135000228881836
	G(104) = 4.134999752044678

LAGRANGIAN MULTIPLIERS VALUES:
	L(0) = 0
	L(1) = 7981.078156222085
	L(2) = 0
	L(3) = 0
	L(4) = 0
	L(5) = 0
	L(6) = 0
	L(7) = 0
	L(8) = 4665.801399966773
	L(9) = 0
	L(10) = 152.1464244396913
	L(11) = 0
	L(12) = 22.94971231301214
	L(13) = 0
	L(14) = 28.36390093539841
	L(15) = 0
	L(16) = 0
	L(17) = 0
	L(18) = 0
	L(19) = 931153782.6842581
	L(20) = 0
	L(21) = 0
	L(22) = 0
	L(23) = 0
	L(24) = 1285.190937545458
	L(25) = 0
	L(26) = 0
	L(27) = 100.5181459980327
	L(28) = 42.85844943553278
	L(29) = 29421.14373883947
	L(30) = 29421.14373883947
	L(31) = 43167.41835875384
	L(32) = 6301.175482662622
	L(33) = 10910.05231008775
	L(34) = 657.876154693259
	L(35) = 0
	L(36) = 0
	L(37) = 38.84858663814016
	L(38) = 45.66681667905181
	L(39) = 17.01051310808435
	L(40) = 30860.58955753196
	L(41) = 30860.58955753196
	L(42) = 44665.97014863208
	L(43) = 5111.235761634869
	L(44) = 12219.09459946716
	L(45) = 0
	L(46) = 0
	L(47) = 0.8449891531992024
	L(48) = 0.5126679757645706
	L(49) = 502.5746677246897
	L(50) = 31052.94519053741
	L(51) = 30390.05845545375
	L(52) = 38948.88479908808
	L(53) = 5102.370948057096
	L(54) = 12975.82826637011
	L(55) = 0.3505282628755145
	L(56) = 0
	L(57) = 0
	L(58) = 1527.561629438753
	L(59) = 37603.88415659894
	L(60) = 19019.30132477413
	L(61) = 37611.81680252144
	L(62) = 3681.815903757916
	L(63) = 12127.53920568533
	L(64) = 3551.866523913536
	L(65) = 3741.619348220922
	L(66) = 0
	L(67) = 19326.12898713907
	L(68) = 36886.6184631064
	L(69) = 37447.86767940797
	L(70) = 2417.425128868709
	L(71) = 9964.515708659757
	L(72) = 0
	L(73) = 14867.59873238814
	L(74) = 32224.00630669687
	L(75) = 27702.31676767376
	L(76) = 3538.900694739458
	L(77) = 5179.395008292777
	L(78) = 0.1756931768201789
	L(79) = 38365.76385711387
	L(80) = 20717.64858671182
	L(81) = 39842.82028513646
	L(82) = 3298.927947699701
	L(83) = 9886.199321951981
	L(84) = 6.075575388759948
	L(85) = 37593.72871584523
	L(86) = 20169.94345795375
	L(87) = 39146.14910468103
	L(88) = 4624.964434708672
	L(89) = 9400.433165424551
	L(90) = 5298.039971360417
	L(91) = 5298.039971360417
	L(92) = 4148.960165983933
	L(93) = 4148.958612685827
	L(94) = 54.21924792764154
	L(95) = 133072.0646274887
	L(96) = 7164.602089020393
	L(97) = 7164.601083353245
	L(98) = 7959.163581578008
	L(99) = 7164.602089020393
	L(100) = 7164.601083353245
	L(101) = 54783.96135747452
	L(102) = 96346.45450876513
	L(103) = 3735.702169906702
	L(104) = 43050.62535099671

PENALTY FACTOR:
	rp(0) = 1
	rp(1) = 2136.385870548184
	rp(2) = 1
	rp(3) = 1
	rp(4) = 1
	rp(5) = 1
	rp(6) = 1
	rp(7) = 1
	rp(8) = 1613.981212644889
	rp(9) = 1
	rp(10) = 195.0297569857555
	rp(11) = 1
	rp(12) = 112.4809576627198
	rp(13) = 1
	rp(14) = 109.3120593303859
	rp(15) = 1
	rp(16) = 1
	rp(17) = 1
	rp(18) = 1
	rp(19) = 482481.5495654363
	rp(20) = 1
	rp(21) = 1
	rp(22) = 1
	rp(23) = 1
	rp(24) = 566.8313103440604
	rp(25) = 1
	rp(26) = 1
	rp(27) = 158.5229841363963
	rp(28) = 103.5114117326355
	rp(29) = 2712.063040327394
	rp(30) = 2712.063040327394
	rp(31) = 3285.095826560994
	rp(32) = 1255.107115215931
	rp(33) = 1651.518415738056
	rp(34) = 455.6523296084841
	rp(35) = 1
	rp(36) = 1
	rp(37) = 98.55022404609257
	rp(38) = 106.8489783281195
	rp(39) = 65.21217890103877
	rp(40) = 2777.615414232681
	rp(41) = 2777.615414232681
	rp(42) = 3341.630221487414
	rp(43) = 1130.402114474631
	rp(44) = 1747.791077293505
	rp(45) = 1
	rp(46) = 1
	rp(47) = 14.53434856812649
	rp(48) = 11.32108625270308
	rp(49) = 354.4625042669146
	rp(50) = 5074.162957649357
	rp(51) = 5021.869342694867
	rp(52) = 4580.623654256003
	rp(53) = 1686.424762505836
	rp(54) = 3592.647646056439
	rp(55) = 9.361200014895452
	rp(56) = 1
	rp(57) = 1
	rp(58) = 617.972820890764
	rp(59) = 3066.100298286038
	rp(60) = 3242.517955129719
	rp(61) = 3066.423682505462
	rp(62) = 981.3912946710999
	rp(63) = 1741.230829448334
	rp(64) = 942.3198135338044
	rp(65) = 1976.671646410574
	rp(66) = 1
	rp(67) = 3264.239650445459
	rp(68) = 3036.717737257877
	rp(69) = 3059.733145202697
	rp(70) = 800.8700595047468
	rp(71) = 1578.331057530371
	rp(72) = 1
	rp(73) = 2870.356153417292
	rp(74) = 2838.309633685905
	rp(75) = 2631.649519202441
	rp(76) = 962.1823536349401
	rp(77) = 1178.139147594271
	rp(78) = 7.690780072892444
	rp(79) = 3097.00516051854
	rp(80) = 2275.832187723417
	rp(81) = 5952.618939444951
	rp(82) = 917.3108180578048
	rp(83) = 2881.553801052573
	rp(84) = 38.97298868690964
	rp(85) = 5304.813438053921
	rp(86) = 2245.54800983823
	rp(87) = 5922.341411437633
	rp(88) = 1076.031002592457
	rp(89) = 2828.705685465802
	rp(90) = 1150.873578131023
	rp(91) = 1150.873578131023
	rp(92) = 1018.449822767908
	rp(93) = 1018.449632122991
	rp(94) = 116.4251346656313
	rp(95) = 5767.843284701153
	rp(96) = 1338.33871731154
	rp(97) = 1338.338623382853
	rp(98) = 1410.599480857165
	rp(99) = 1338.33871731154
	rp(100) = 1338.338623382853
	rp(101) = 3700.809416785553
	rp(102) = 4907.811490592449
	rp(103) = 966.3982318261326
	rp(104) = 3280.648767812424

BEST POSITION:
	P(0) = 0.7632731865571176		P(1) = -0.4363323129985824		P(2) = -0.4363114975764407	
	P(3) = 0.4363323129985824		P(4) = 0.4363323129985824		P(5) = 0.3898885405575156	
	P(6) = 0.380563751384879		P(7) = -0.2032253848914127		P(8) = -0.4999225875312892	
	P(9) = -0.1991919804816289		P(10) = -0.5		P(11) = 0.1507732117356731	
	P(12) = 0.4999391127906467		P(13) = -0.5		P(14) = 0.2513909470113791	
	P(15) = -0.2909025825600435		P(16) = -0.4942723673371778		P(17) = -0.4562166171329342	
	P(18) = -0.002929843525762975		P(19) = -0.1800212794920025		P(20) = -0.5	
	P(21) = -0.1531252805602144		P(22) = 0.01778094762246638		P(23) = 0.2152748056583292	
	P(24) = -0.4999685702472994		P(25) = 0.4999505503185139		P(26) = 0.1021664858938737	
	P(27) = 0.4998708730688555		P(28) = 0.5		P(29) = -0.3404954284393101	
	P(30) = -0.4280895112851577		P(31) = 0.4415045447645365		P(32) = -0.5	
	P(33) = 0.5		P(34) = -0.4999499112559837		P(35) = -0.5	
	P(36) = -0.4997390378442225		P(37) = 0.5		P(38) = -0.08204158772805902	
	P(39) = 0.3880559839953617		P(40) = 0.4999456363201423		P(41) = -0.09433345986235063	
	P(42) = -0.4997853978348875		P(43) = -0.4979009574106721		P(44) = -0.4999704534171867	
	P(45) = 0.4971361822841101		P(46) = -0.2615879498220029		P(47) = -0.4888021718145904	
	P(48) = 0.4989154635707551		P(49) = -0.4800368330164507		P(50) = -0.3119010539760779	
	P(51) = 0.0960613167716447		P(52) = -0.1615025529575836		P(53) = -0.4215644202062616	
	P(54) = -0.4116420694894216	
================================================================================

================================================================================

NUMBER OF ITERATIONS: 8

NUMBER OF OBJECTIVE FUNCTION EVALUATIONS: 492

OBJECTIVE FUNCTION VALUE:
	F = 654.1705972112703

EQUALITY CONSTRAINTS VALUES:

INEQUALITY CONSTRAINTS VALUES:
	G(0) = -0.1086904499208838
	G(1) = 1.608658869836116
	G(2) = -3.4936895348802
	G(3) = -6.118868185206358
	G(4) = -2.266701508169242
	G(5) = -6.53966778330573
	G(6) = -3.388777418231988
	G(7) = -2.280321808131433
	G(8) = 1.168945728756637
	G(9) = -2.331667181689504
	G(10) = 0.13935321385053
	G(11) = -3.791549443851991
	G(12) = 0.1469314123079795
	G(13) = -0.2162775460369255
	G(14) = 0.3776134048762929
	G(15) = -1.495042324298463
	G(16) = -0.7276800988831034
	G(17) = -1.52901805348558
	G(18) = -519.6145613589335
	G(19) = 685.4649930866544
	G(20) = -267.4358729792525
	G(21) = -912.5269513924536
	G(22) = -965.1117258066024
	G(23) = -995.7167882646868
	G(24) = 0.5910895466804504
	G(25) = -0.2801754023943067
	G(26) = -0.239619326507356
	G(27) = 0.1540159732103348
	G(28) = 0.1302247941493988
	G(29) = 3.38290548324585
	G(30) = 3.38290548324585
	G(31) = 4.140909194946289
	G(32) = 1.497706651687622
	G(33) = 2.002928972244263
	G(34) = 0.380736768245697
	G(35) = -0.2124476317129765
	G(36) = -0.2156066953804869
	G(37) = 0.04078027233481407
	G(38) = 0.1428802758455276
	G(39) = 0.0625000074505806
	G(40) = 3.469242811203003
	G(41) = 3.469242811203003
	G(42) = 4.216068744659424
	G(43) = 1.34041440486908
	G(44) = 2.126660346984863
	G(45) = -0.06395162105641322
	G(46) = -1
	G(47) = -0.001721361298643503
	G(48) = 0.02340752817690372
	G(49) = 0.3897000253200531
	G(50) = 3.234124422073364
	G(51) = 3.197324275970459
	G(52) = 3.922346115112305
	G(53) = 1.339134335517883
	G(54) = 1.935669660568237
	G(55) = 0.01756459847092628
	G(56) = -0.2006220130102734
	G(57) = -0.2000245932335143
	G(58) = 0.6481486558914185
	G(59) = 3.569042444229126
	G(60) = 2.627848148345947
	G(61) = 3.595089912414551
	G(62) = 0.8976132869720459
	G(63) = 2.020344257354736
	G(64) = 1.004988789558411
	G(65) = 0.9771644473075867
	G(66) = -0.3225410713930249
	G(67) = 2.647334098815918
	G(68) = 3.587056636810303
	G(69) = 3.724935054779053
	G(70) = 0.7999423742294312
	G(71) = 1.598651051521301
	G(72) = -0.4968158508152796
	G(73) = 2.333345651626587
	G(74) = 3.321999549865723
	G(75) = 2.773091077804565
	G(76) = 0.999860405921936
	G(77) = 0.9627828598022461
	G(78) = 0.07361279428005219
	G(79) = 3.779382228851318
	G(80) = 2.599897384643555
	G(81) = 3.657554864883423
	G(82) = 0.9469959139823914
	G(83) = 1.903601884841919
	G(84) = 0.132685050368309
	G(85) = 3.892864227294922
	G(86) = 2.564706563949585
	G(87) = 3.610699653625488
	G(88) = 1.164585113525391
	G(89) = 1.843040347099304
	G(90) = 1.36617386341095
	G(91) = 1.36617386341095
	G(92) = 1.200002908706665
	G(93) = 1.200002670288086
	G(94) = 0.1174999922513962
	G(95) = 7.489999771118164
	G(96) = 1.603160977363586
	G(97) = 1.603160858154297
	G(98) = 1.694999933242798
	G(99) = 1.603160977363586
	G(100) = 1.603160858154297
	G(101) = 4.694999694824219
	G(102) = 6.320000171661377
	G(103) = 1.135000228881836
	G(104) = 4.134999752044678

LAGRANGIAN MULTIPLIERS VALUES:
	L(0) = 0
	L(1) = 14842.35740816236
	L(2) = 0
	L(3) = 0
	L(4) = 0
	L(5) = 0
	L(6) = 0
	L(7) = 0
	L(8) = 8527.877484668215
	L(9) = 0
	L(10) = 198.6747605777365
	L(11) = 0
	L(12) = 48.15112887846924
	L(13) = 0
	L(14) = 102.1470853927714
	L(15) = 0
	L(16) = 0
	L(17) = 0
	L(18) = 0
	L(19) = 1595462870.203485
	L(20) = 0
	L(21) = 0
	L(22) = 0
	L(23) = 0
	L(24) = 1955.274020785915
	L(25) = 0
	L(26) = 0
	L(27) = 154.7469540724041
	L(28) = 75.47022623433585
	L(29) = 47770.44959890337
	L(30) = 47770.44959890337
	L(31) = 70373.98538772605
	L(32) = 10060.74003274135
	L(33) = 17525.80047624114
	L(34) = 1004.542831248361
	L(35) = 0
	L(36) = 0
	L(37) = 50.43897716810351
	L(38) = 79.18099034772985
	L(39) = 25.16203644245138
	L(40) = 50133.03417375872
	L(41) = 50133.03417375872
	L(42) = 72843.05561467695
	L(43) = 8141.650316707393
	L(44) = 19653.01055725527
	L(45) = 0
	L(46) = 0
	L(47) = 0.8333398668514438
	L(48) = 0.9767423140485663
	L(49) = 778.8427615003418
	L(50) = 63874.29068247398
	L(51) = 62503.54069243459
	L(52) = 74883.35001068591
	L(53) = 9619.39483420688
	L(54) = 26883.85059638958
	L(55) = 0.6661331912483333
	L(56) = 0
	L(57) = 0
	L(58) = 2328.748196057111
	L(59) = 59489.24319513755
	L(60) = 36036.65139223819
	L(61) = 59649.14895351378
	L(62) = 5454.726612284849
	L(63) = 19144.36022771064
	L(64) = 5453.710890790326
	L(65) = 7638.76401059202
	L(66) = 0
	L(67) = 36613.27602501059
	L(68) = 58663.95815078376
	L(69) = 60325.7659617134
	L(70) = 3701.929316273685
	L(71) = 15134.30794773755
	L(72) = 0
	L(73) = 28242.17961056301
	L(74) = 51051.59113015245
	L(75) = 42394.10876954154
	L(76) = 5456.795802586594
	L(77) = 7562.53371563262
	L(78) = 0.8351724009158585
	L(79) = 61944.52504336779
	L(80) = 32527.12984381746
	L(81) = 83337.04953135864
	L(82) = 5031.09717550246
	L(83) = 20815.10292459612
	L(84) = 18.17496921943493
	L(85) = 78871.82598742747
	L(86) = 31629.51498390867
	L(87) = 81837.85494546339
	L(88) = 7119.92040214454
	L(89) = 19789.85263422021
	L(90) = 8442.626776426103
	L(91) = 8442.626776426103
	L(92) = 6593.245665370487
	L(93) = 6593.243168888844
	L(94) = 81.5791527698004
	L(95) = 219474.3543920029
	L(96) = 11455.74690119779
	L(97) = 11455.74527528024
	L(98) = 12741.09563334845
	L(99) = 11455.74690119779
	L(100) = 11455.74527528024
	L(101) = 89534.55952229605
	L(102) = 158381.193434817
	L(103) = 5929.426598534026
	L(104) = 70181.58903389682

PENALTY FACTOR:
	rp(0) = 1
	rp(1) = 4272.771741096369
	rp(2) = 1
	rp(3) = 1
	rp(4) = 1
	rp(5) = 1
	rp(6) = 1
	rp(7) = 1
	rp(8) = 1613.981212644889
	rp(9) = 1
	rp(10) = 390.0595139715109
	rp(11) = 1
	rp(12) = 224.9619153254396
	rp(13) = 1
	rp(14) = 218.6241186607718
	rp(15) = 1
	rp(16) = 1
	rp(17) = 1
	rp(18) = 1
	rp(19) = 631558.1664034368
	rp(20) = 1
	rp(21) = 1
	rp(22) = 1
	rp(23) = 1
	rp(24) = 1133.662620688121
	rp(25) = 1
	rp(26) = 1
	rp(27) = 196.6894468905259
	rp(28) = 137.3592245121672
	rp(29) = 3455.808501599277
	rp(30) = 3455.808501599277
	rp(31) = 4194.460197323549
	rp(32) = 1585.933481639547
	rp(33) = 2093.191371819664
	rp(34) = 911.3046592169682
	rp(35) = 1
	rp(36) = 1
	rp(37) = 112.2931177411415
	rp(38) = 140.6955848167684
	rp(39) = 79.31272981440523
	rp(40) = 3540.234249797558
	rp(41) = 3540.234249797558
	rp(42) = 4267.407164036405
	rp(43) = 1426.678863366542
	rp(44) = 2216.58580689172
	rp(45) = 1
	rp(46) = 1
	rp(47) = 14.43381331155634
	rp(48) = 15.62643844617645
	rp(49) = 441.260343080007
	rp(50) = 5074.162957649357
	rp(51) = 5021.869342694867
	rp(52) = 9161.247308512005
	rp(53) = 3372.849525011672
	rp(54) = 7185.295292112878
	rp(55) = 12.90477810007143
	rp(56) = 1
	rp(57) = 1
	rp(58) = 763.0118275716817
	rp(59) = 6132.200596572076
	rp(60) = 6485.035910259438
	rp(61) = 6132.847365010924
	rp(62) = 1167.767807858742
	rp(63) = 3482.461658896667
	rp(64) = 1167.659078112092
	rp(65) = 1976.671646410574
	rp(66) = 1
	rp(67) = 3264.239650445459
	rp(68) = 3829.620025236961
	rp(69) = 3883.483164689703
	rp(70) = 962.0199213469652
	rp(71) = 1945.14189377906
	rp(72) = 1
	rp(73) = 5740.712306834585
	rp(74) = 5676.61926737181
	rp(75) = 3255.537926731216
	rp(76) = 1924.36470726988
	rp(77) = 1375.003065054095
	rp(78) = 15.38156014578489
	rp(79) = 3935.242211204025
	rp(80) = 4551.664375446834
	rp(81) = 11905.2378788899
	rp(82) = 1834.62163611561
	rp(83) = 5763.107602105146
	rp(84) = 77.94597737381929
	rp(85) = 5304.813438053921
	rp(86) = 4491.096019676461
	rp(87) = 11844.68282287527
	rp(88) = 2152.062005184913
	rp(89) = 5657.411370931603
	rp(90) = 1452.809930481798
	rp(91) = 1452.809930481798
	rp(92) = 1283.865809320671
	rp(93) = 1283.865566257703
	rp(94) = 142.8103224296133
	rp(95) = 7407.333433699385
	rp(96) = 1692.316969512345
	rp(97) = 1692.316849416816
	rp(98) = 1784.733567885445
	rp(99) = 1692.316969512345
	rp(100) = 1692.316849416816
	rp(101) = 4731.135157715747
	rp(102) = 6292.47950800829
	rp(103) = 1217.520697825506
	rp(104) = 4188.722628495972

BEST POSITION:
	P(0) = 0.7658055107359826		P(1) = -0.4363323129985824		P(2) = -0.4363323129985824	
	P(3) = 0.4363323129985824		P(4) = 0.4363323129985824		P(5) = 0.3953815048219274	
	P(6) = 0.400818724036846		P(7) = -0.2471276965780195		P(8) = -0.4999486751741545	
	P(9) = -0.2035237364706863		P(10) = -0.5		P(11) = 0.1453262953004399	
	P(12) = 0.5		P(13) = -0.5		P(14) = 0.2666623343057825	
	P(15) = -0.2860757137705719		P(16) = -0.4917480388949234		P(17) = -0.5	
	P(18) = -0.01712742563073106		P(19) = -0.17076967903177		P(20) = -0.5	
	P(21) = -0.1661496725379712		P(22) = -0.02818529445253948		P(23) = 0.2158156495069574	
	P(24) = -0.5		P(25) = 0.5		P(26) = 0.1041271484354297	
	P(27) = 0.4999886952357793		P(28) = 0.499973358910142		P(29) = -0.36017390221089	
	P(30) = -0.4531353728674561		P(31) = 0.4427518511387957		P(32) = -0.5	
	P(33) = 0.5		P(34) = -0.5		P(35) = -0.5	
	P(36) = -0.4995990722704728		P(37) = 0.5		P(38) = -0.08243521336531429	
	P(39) = 0.389781088349702		P(40) = 0.5		P(41) = -0.0900704582722118	
	P(42) = -0.5		P(43) = -0.499117446668237		P(44) = -0.4999594099171955	
	P(45) = 0.4958098134850066		P(46) = -0.2667004856375748		P(47) = -0.4902905127484581	
	P(48) = 0.4996460909527121		P(49) = -0.48116250517965		P(50) = -0.304479192310731	
	P(51) = 0.09577693355675486		P(52) = -0.1481499418526937		P(53) = -0.4190966054370671	
	P(54) = -0.4140422460074615	
================================================================================

================================================================================

NUMBER OF ITERATIONS: 9

NUMBER OF OBJECTIVE FUNCTION EVALUATIONS: 552

OBJECTIVE FUNCTION VALUE:
	F = 650.4213149434679

EQUALITY CONSTRAINTS VALUES:

INEQUALITY CONSTRAINTS VALUES:
	G(0) = -0.07859859353451437
	G(1) = 1.616304833888445
	G(2) = -3.478236830267627
	G(3) = -6.09135257663578
	G(4) = -2.268111209646801
	G(5) = -6.540801875475929
	G(6) = -3.378141375905516
	G(7) = -2.279177206409203
	G(8) = 1.191555136671291
	G(9) = -2.361392888132041
	G(10) = 0.140676115001551
	G(11) = -3.794020954976187
	G(12) = 0.1615204814062208
	G(13) = -0.2106403390810265
	G(14) = 0.3695022807053179
	G(15) = -1.484640090201949
	G(16) = -0.7304084328247717
	G(17) = -1.53136179080402
	G(18) = -522.8604961335722
	G(19) = 684.4571188138307
	G(20) = -273.7022835629434
	G(21) = -912.8790145132448
	G(22) = -965.3454680770221
	G(23) = -995.7793325750516
	G(24) = 0.5907984375953674
	G(25) = -0.2706252685127497
	G(26) = -0.2525541554499229
	G(27) = 0.141344889998436
	G(28) = 0.1294023096561432
	G(29) = 3.38290548324585
	G(30) = 3.38290548324585
	G(31) = 4.140909194946289
	G(32) = 1.497706651687622
	G(33) = 2.002928972244263
	G(34) = 0.3805482983589172
	G(35) = -0.2219771933896292
	G(36) = -0.1955120305636829
	G(37) = 0.03183889389038086
	G(38) = 0.1541432589292526
	G(39) = 0.0625000074505806
	G(40) = 3.469242811203003
	G(41) = 3.469242811203003
	G(42) = 4.216068744659424
	G(43) = 1.34041440486908
	G(44) = 2.126660346984863
	G(45) = -0.06921389894273466
	G(46) = -0.2390402682638102
	G(47) = -0.002206730820513487
	G(48) = 0.03265781700611115
	G(49) = 0.3897000253200531
	G(50) = 3.234127521514893
	G(51) = 3.197327375411987
	G(52) = 3.922327995300293
	G(53) = 1.339116334915161
	G(54) = 1.935534119606018
	G(55) = 0.01528782863169909
	G(56) = -0.2008668730962266
	G(57) = -0.1965683332963851
	G(58) = 0.6479528546333313
	G(59) = 3.569316387176514
	G(60) = 2.628714084625244
	G(61) = 3.592846870422363
	G(62) = 0.89404296875
	G(63) = 2.010022163391113
	G(64) = 1.002857208251953
	G(65) = 0.9744213819503784
	G(66) = -0.3006543497767926
	G(67) = 2.64786434173584
	G(68) = 3.581188440322876
	G(69) = 3.716577053070068
	G(70) = 0.7949247360229492
	G(71) = 1.588463664054871
	G(72) = -0.5251057077177357
	G(73) = 2.336904048919678
	G(74) = 3.321614503860474
	G(75) = 2.76194429397583
	G(76) = 0.9940768480300903
	G(77) = 0.9427887201309204
	G(78) = 0.04315683245658875
	G(79) = 3.75538182258606
	G(80) = 2.591926336288452
	G(81) = 3.654643774032593
	G(82) = 0.9425832629203796
	G(83) = 1.896816253662109
	G(84) = 0.1260707229375839
	G(85) = 3.884504079818726
	G(86) = 2.558363914489746
	G(87) = 3.607187509536743
	G(88) = 1.163020014762878
	G(89) = 1.836287140846252
	G(90) = 1.36617386341095
	G(91) = 1.36617386341095
	G(92) = 1.200002908706665
	G(93) = 1.200002670288086
	G(94) = 0.1174999922513962
	G(95) = 7.489999771118164
	G(96) = 1.603160977363586
	G(97) = 1.603160858154297
	G(98) = 1.694999933242798
	G(99) = 1.603160977363586
	G(100) = 1.603160858154297
	G(101) = 4.694999694824219
	G(102) = 6.320000171661377
	G(103) = 1.135000228881836
	G(104) = 4.134999752044678

LAGRANGIAN MULTIPLIERS VALUES:
	L(0) = 0
	L(1) = 28589.22172836191
	L(2) = 0
	L(3) = 0
	L(4) = 0
	L(5) = 0
	L(6) = 0
	L(7) = 0
	L(8) = 12301.19037429762
	L(9) = 0
	L(10) = 307.386854307548
	L(11) = 0
	L(12) = 114.2590727470191
	L(13) = 0
	L(14) = 267.2578810639168
	L(15) = 0
	L(16) = 0
	L(17) = 0
	L(18) = 0
	L(19) = 2461284898.538589
	L(20) = 0
	L(21) = 0
	L(22) = 0
	L(23) = 0
	L(24) = 3295.466269888141
	L(25) = 0
	L(26) = 0
	L(27) = 215.3335872384977
	L(28) = 111.2453797075719
	L(29) = 71151.796657119
	L(30) = 71151.796657119
	L(31) = 105111.7429855927
	L(32) = 14811.26628191266
	L(33) = 25910.82776237978
	L(34) = 1698.477212923391
	L(35) = 0
	L(36) = 0
	L(37) = 59.5976650137217
	L(38) = 119.3862382854652
	L(39) = 35.0761288511038
	L(40) = 74696.8986159284
	L(41) = 74696.8986159284
	L(42) = 108826.4195447362
	L(43) = 11966.33211586491
	L(44) = 29080.86083966741
	L(45) = 0
	L(46) = 0
	L(47) = 0.7836482515987268
	L(48) = 1.70829491051562
	L(49) = 1122.76109524237
	L(50) = 96695.23936830158
	L(51) = 94616.6302127348
	L(52) = 146750.5155909362
	L(53) = 18652.79204916351
	L(54) = 54700.56679472295
	L(55) = 1.119467682616649
	L(56) = 0
	L(57) = 0
	L(58) = 3317.838376996792
	L(59) = 103261.4116065234
	L(60) = 70120.03060970266
	L(61) = 103745.4243461716
	L(62) = 7551.134413149301
	L(63) = 33215.9030557305
	L(64) = 7800.679457847848
	L(65) = 11501.83052433875
	L(66) = 0
	L(67) = 53896.34189167302
	L(68) = 86138.08600675952
	L(69) = 89257.21111130733
	L(70) = 5241.050316150289
	L(71) = 21353.51421543361
	L(72) = 0
	L(73) = 55032.31180734643
	L(74) = 88767.04443208894
	L(75) = 60449.91512568695
	L(76) = 9304.987957292014
	L(77) = 10210.19248205189
	L(78) = 3.099731646351684
	L(79) = 91690.09400186791
	L(80) = 56194.85045481638
	L(81) = 170425.170974415
	L(82) = 8505.855561712804
	L(83) = 42756.42791242441
	L(84) = 38.85950108713951
	L(85) = 120173.6629183745
	L(86) = 54666.20186589281
	L(87) = 167373.0392771824
	L(88) = 12132.43915138844
	L(89) = 40643.52746775087
	L(90) = 12412.20868748233
	L(91) = 12412.20868748233
	L(92) = 9674.531076518171
	L(93) = 9674.527384489182
	L(94) = 115.1395763275983
	L(95) = 330436.2058380115
	L(96) = 16881.85995490257
	L(97) = 16881.85754044032
	L(98) = 18791.34219019247
	L(99) = 16881.85995490257
	L(100) = 16881.85754044032
	L(101) = 133959.9157655912
	L(102) = 237918.1365763932
	L(103) = 8693.19913993467
	L(104) = 104822.3230943264

PENALTY FACTOR:
	rp(0) = 1
	rp(1) = 8545.543482192737
	rp(2) = 1
	rp(3) = 1
	rp(4) = 1
	rp(5) = 1
	rp(6) = 1
	rp(7) = 1
	rp(8) = 1753.652643363105
	rp(9) = 1
	rp(10) = 780.1190279430218
	rp(11) = 1
	rp(12) = 449.9238306508792
	rp(13) = 1
	rp(14) = 437.2482373215437
	rp(15) = 1
	rp(16) = 1
	rp(17) = 1
	rp(18) = 1
	rp(19) = 784424.1356782995
	rp(20) = 1
	rp(21) = 1
	rp(22) = 1
	rp(23) = 1
	rp(24) = 2267.325241376242
	rp(25) = 1
	rp(26) = 1
	rp(27) = 232.0202508610496
	rp(28) = 166.7673377100353
	rp(29) = 4217.576219142904
	rp(30) = 4217.576219142904
	rp(31) = 5126.200907728663
	rp(32) = 1924.270399522418
	rp(33) = 2545.133973014966
	rp(34) = 1822.609318433936
	rp(35) = 1
	rp(36) = 1
	rp(37) = 122.0631650148005
	rp(38) = 172.7615685601584
	rp(39) = 93.64311086660861
	rp(40) = 4321.368377491336
	rp(41) = 4321.368377491336
	rp(42) = 5215.995100283745
	rp(43) = 1729.619330652334
	rp(44) = 2696.333660717244
	rp(45) = 1
	rp(46) = 1
	rp(47) = 13.99685903692974
	rp(48) = 31.25287689235291
	rp(49) = 529.8021081598228
	rp(50) = 5074.162957649357
	rp(51) = 5021.869342694867
	rp(52) = 9161.247308512005
	rp(53) = 3372.849525011672
	rp(54) = 14370.59058422576
	rp(55) = 25.80955620014287
	rp(56) = 1
	rp(57) = 1
	rp(58) = 910.7467234358837
	rp(59) = 12264.40119314415
	rp(60) = 12970.07182051888
	rp(61) = 12265.69473002185
	rp(62) = 1373.966376330704
	rp(63) = 6964.923317793335
	rp(64) = 1396.484824286309
	rp(65) = 1976.671646410574
	rp(66) = 1
	rp(67) = 3670.706399716307
	rp(68) = 7659.240050473922
	rp(69) = 4723.801729309438
	rp(70) = 1144.667016663611
	rp(71) = 2310.493140837774
	rp(72) = 1
	rp(73) = 11481.42461366917
	rp(74) = 11353.23853474362
	rp(75) = 3887.477174392377
	rp(76) = 3848.72941453976
	rp(77) = 1597.669590532715
	rp(78) = 30.76312029156978
	rp(79) = 4787.747226041385
	rp(80) = 9103.328750893668
	rp(81) = 23810.4757577798
	rp(82) = 3669.243272231219
	rp(83) = 11526.21520421029
	rp(84) = 98.56406683870586
	rp(85) = 10609.62687610784
	rp(86) = 8982.192039352922
	rp(87) = 23689.36564575053
	rp(88) = 4304.124010369826
	rp(89) = 11314.82274186321
	rp(90) = 1761.548231491429
	rp(91) = 1761.548231491429
	rp(92) = 1555.195411879016
	rp(93) = 1555.195115129383
	rp(94) = 169.6611154092168
	rp(95) = 9088.952165101478
	rp(96) = 2054.377031784975
	rp(97) = 2054.376884875333
	rp(98) = 2167.449087648454
	rp(99) = 2054.377031784975
	rp(100) = 2054.376884875333
	rp(101) = 5787.052699034094
	rp(102) = 7712.29759177499
	rp(103) = 1474.211580806387
	rp(104) = 5119.13867497078

BEST POSITION:
	P(0) = 0.7631369708388016		P(1) = -0.4362473143471922		P(2) = -0.4363323129985824	
	P(3) = 0.4363323129985824		P(4) = 0.4363323129985824		P(5) = 0.3958993778544102	
	P(6) = 0.3999570023408466		P(7) = -0.2646178584828511		P(8) = -0.4999269984676526	
	P(9) = -0.2163620648231861		P(10) = -0.4999944652374096		P(11) = 0.1405129606801978	
	P(12) = 0.4999683361189007		P(13) = -0.5		P(14) = 0.2696874504784711	
	P(15) = -0.3016056228656594		P(16) = -0.4903025688939304		P(17) = -0.5	
	P(18) = -0.0212307072192012		P(19) = -0.1568014646007169		P(20) = -0.4999455193750338	
	P(21) = -0.1200571067566325		P(22) = -0.01286650632815356		P(23) = 0.2140085706552955	
	P(24) = -0.5		P(25) = 0.5		P(26) = 0.1058563510985377	
	P(27) = 0.5		P(28) = 0.4999540558151305		P(29) = -0.345137653279392	
	P(30) = -0.4490068698446659		P(31) = 0.4502008904582403		P(32) = -0.5	
	P(33) = 0.4999452779746634		P(34) = -0.5		P(35) = -0.4999191546730465	
	P(36) = -0.4997891901991021		P(37) = 0.5		P(38) = -0.0819686448430085	
	P(39) = 0.3889318882366229		P(40) = 0.4999749746171666		P(41) = -0.0891830167590494	
	P(42) = -0.5		P(43) = -0.4990130220526293		P(44) = -0.5	
	P(45) = 0.4950865587713675		P(46) = -0.2681130280822305		P(47) = -0.488068274938967	
	P(48) = 0.4994808035255569		P(49) = -0.4812185251912802		P(50) = -0.3036100351667103	
	P(51) = 0.08619098663195514		P(52) = -0.1438293724303623		P(53) = -0.419765410352239	
	P(54) = -0.4148730370237686	
================================================================================

================================================================================

NUMBER OF ITERATIONS: 10

NUMBER OF OBJECTIVE FUNCTION EVALUATIONS: 612

OBJECTIVE FUNCTION VALUE:
	F = 648.4094627597485

EQUALITY CONSTRAINTS VALUES:

INEQUALITY CONSTRAINTS VALUES:
	G(0) = -0.08464305825531104
	G(1) = 1.61594828088216
	G(2) = -3.469045300866163
	G(3) = -6.096270685222845
	G(4) = -2.230663768304047
	G(5) = -6.527617173501883
	G(6) = -3.383787055085126
	G(7) = -2.284858837632888
	G(8) = 1.190623912179049
	G(9) = -2.361937896249243
	G(10) = 0.1011252225761079
	G(11) = -3.814708938319459
	G(12) = 0.1524108659359786
	G(13) = -0.2043185163592307
	G(14) = 0.3821538879140274
	G(15) = -1.478140766080492
	G(16) = -0.7589063971395558
	G(17) = -1.522682852640311
	G(18) = -524.1353883640802
	G(19) = 682.7329522495959
	G(20) = -272.2988490353367
	G(21) = -912.0270499660571
	G(22) = -965.4076849742614
	G(23) = -995.7910041252163
	G(24) = 0.5908587574958801
	G(25) = -0.277618486838913
	G(26) = -0.2429689914272689
	G(27) = 0.1198624819517136
	G(28) = 0.1080846861004829
	G(29) = 3.38290548324585
	G(30) = 3.38290548324585
	G(31) = 4.140909194946289
	G(32) = 1.497706651687622
	G(33) = 2.002928972244263
	G(34) = 0.3807814419269562
	G(35) = -0.2057929645742488
	G(36) = -0.182947371125867
	G(37) = 0.0128229595720768
	G(38) = 0.164763331413269
	G(39) = 0.0625000074505806
	G(40) = 3.469242811203003
	G(41) = 3.469242811203003
	G(42) = 4.216068744659424
	G(43) = 1.34041440486908
	G(44) = 2.126660346984863
	G(45) = -0.0607902203725823
	G(46) = -0.2368191715509702
	G(47) = 0.002886687405407429
	G(48) = 0.03806642815470695
	G(49) = 0.3897000253200531
	G(50) = 3.234126567840576
	G(51) = 3.197326421737671
	G(52) = 3.922349452972412
	G(53) = 1.339137673377991
	G(54) = 1.935689210891724
	G(55) = 0.02120162546634674
	G(56) = -0.1996033400278467
	G(57) = -0.1989341430070061
	G(58) = 0.6479539275169373
	G(59) = 3.568930625915527
	G(60) = 2.628095149993896
	G(61) = 3.593858003616333
	G(62) = 0.89327073097229
	G(63) = 2.014718294143677
	G(64) = 1.003755807876587
	G(65) = 0.9778118133544922
	G(66) = -0.3250401558376312
	G(67) = 2.645129203796387
	G(68) = 3.581918716430664
	G(69) = 3.710863590240479
	G(70) = 0.7935144901275635
	G(71) = 1.599192261695862
	G(72) = -0.5001944454746533
	G(73) = 2.338534832000732
	G(74) = 3.326680421829224
	G(75) = 2.75896430015564
	G(76) = 0.9983608722686768
	G(77) = 0.9584078192710876
	G(78) = 0.0451647937297821
	G(79) = 3.754900217056274
	G(80) = 2.591286897659302
	G(81) = 3.65353536605835
	G(82) = 0.9547420740127563
	G(83) = 1.89828634262085
	G(84) = 0.1047950312495232
	G(85) = 3.898932456970215
	G(86) = 2.551904439926147
	G(87) = 3.605045080184937
	G(88) = 1.182221531867981
	G(89) = 1.838947296142578
	G(90) = 1.36617386341095
	G(91) = 1.36617386341095
	G(92) = 1.200002908706665
	G(93) = 1.200002670288086
	G(94) = 0.1174999922513962
	G(95) = 7.489999771118164
	G(96) = 1.603160977363586
	G(97) = 1.603160858154297
	G(98) = 1.694999933242798
	G(99) = 1.603160977363586
	G(100) = 1.603160858154297
	G(101) = 4.694999694824219
	G(102) = 6.320000171661377
	G(103) = 1.135000228881836
	G(104) = 4.134999752044678

LAGRANGIAN MULTIPLIERS VALUES:
	L(0) = 0
	L(1) = 56213.62820530595
	L(2) = 0
	L(3) = 0
	L(4) = 0
	L(5) = 0
	L(6) = 0
	L(7) = 0
	L(8) = 16480.33800457061
	L(9) = 0
	L(10) = 526.8750824871695
	L(11) = 0
	L(12) = 259.602900192741
	L(13) = 0
	L(14) = 590.3863229132978
	L(15) = 0
	L(16) = 0
	L(17) = 0
	L(18) = 0
	L(19) = 3535094266.207385
	L(20) = 0
	L(21) = 0
	L(22) = 0
	L(23) = 0
	L(24) = 5974.530690139387
	L(25) = 0
	L(26) = 0
	L(27) = 280.9233409092269
	L(28) = 154.4055370573411
	L(29) = 99687.12009261065
	L(30) = 99687.12009261065
	L(31) = 147566.0079335039
	L(32) = 20575.25143593331
	L(33) = 36106.27290796943
	L(34) = 3085.658962329671
	L(35) = 0
	L(36) = 0
	L(37) = 67.37037733138227
	L(38) = 172.6463006766499
	L(39) = 46.78151910482097
	L(40) = 104680.650972272
	L(41) = 104680.650972272
	L(42) = 152808.4073739421
	L(43) = 16603.14544735772
	L(44) = 40549.23259664321
	L(45) = 0
	L(46) = 0
	L(47) = 0.7218736511443756
	L(48) = 3.749596379445582
	L(49) = 1535.688885171371
	L(50) = 129516.219508272
	L(51) = 126729.7508630158
	L(52) = 218617.3491710284
	L(53) = 27686.06783747145
	L(54) = 110330.1035840388
	L(55) = 1.90861182711263
	L(56) = 0
	L(57) = 0
	L(58) = 4498.08025559326
	L(59) = 190812.4679217166
	L(60) = 138309.2515561006
	L(61) = 191882.9501948018
	L(62) = 10007.90436926406
	L(63) = 61215.20352589884
	L(64) = 10601.62920234782
	L(65) = 15354.0527590538
	L(66) = 0
	L(67) = 73335.40706125373
	L(68) = 140996.4498675899
	L(69) = 124369.9573321157
	L(70) = 7060.898568261286
	L(71) = 28693.78301597124
	L(72) = 0
	L(73) = 108694.2871414455
	L(74) = 164189.207997673
	L(75) = 81923.90592523557
	L(76) = 16956.85356794477
	L(77) = 13222.72221895275
	L(78) = 5.755009302882009
	L(79) = 127649.7318094932
	L(80) = 103385.1655294827
	L(81) = 344462.7849442628
	L(82) = 15422.99015368951
	L(83) = 86482.65259753124
	L(84) = 63.71158741118748
	L(85) = 202599.9406895651
	L(86) = 100625.633838888
	L(87) = 338277.0070095827
	L(88) = 22144.00389155159
	L(89) = 82198.05447142717
	L(90) = 17225.37099348507
	L(91) = 17225.37099348507
	L(92) = 13407.00911224233
	L(93) = 13407.00396643768
	L(94) = 155.0099358194907
	L(95) = 466588.7051106395
	L(96) = 23468.85413520198
	L(97) = 23468.8507598985
	L(98) = 26138.99430793505
	L(99) = 23468.85413520198
	L(100) = 23468.8507598985
	L(101) = 188300.3370773847
	L(102) = 335401.5807842363
	L(103) = 12039.66010320568
	L(104) = 147157.5973976994

PENALTY FACTOR:
	rp(0) = 1
	rp(1) = 17091.08696438547
	rp(2) = 1
	rp(3) = 1
	rp(4) = 1
	rp(5) = 1
	rp(6) = 1
	rp(7) = 1
	rp(8) = 3507.305286726209
	rp(9) = 1
	rp(10) = 1560.238055886044
	rp(11) = 1
	rp(12) = 899.8476613017584
	rp(13) = 1
	rp(14) = 437.2482373215437
	rp(15) = 1
	rp(16) = 1
	rp(17) = 1
	rp(18) = 1
	rp(19) = 940092.318100646
	rp(20) = 1
	rp(21) = 1
	rp(22) = 1
	rp(23) = 1
	rp(24) = 2267.325241376242
	rp(25) = 1
	rp(26) = 1
	rp(27) = 265.0110096341409
	rp(28) = 196.4723498722792
	rp(29) = 4992.171874360163
	rp(30) = 4992.171874360163
	rp(31) = 6073.83750057375
	rp(32) = 2267.997543866247
	rp(33) = 3004.424774726829
	rp(34) = 1822.609318433936
	rp(35) = 1
	rp(36) = 1
	rp(37) = 129.7790211584506
	rp(38) = 345.5231371203168
	rp(39) = 108.1451791630364
	rp(40) = 5115.678131300679
	rp(41) = 5115.678131300679
	rp(42) = 6180.784888951041
	rp(43) = 2037.347874526937
	rp(44) = 3183.913966984787
	rp(45) = 1
	rp(46) = 1
	rp(47) = 13.43385323673345
	rp(48) = 62.50575378470581
	rp(49) = 619.6145747905247
	rp(50) = 10148.32591529871
	rp(51) = 10043.73868538973
	rp(52) = 9161.247308512005
	rp(53) = 3372.849525011672
	rp(54) = 14370.59058422576
	rp(55) = 25.80955620014287
	rp(56) = 1
	rp(57) = 1
	rp(58) = 1060.433903597162
	rp(59) = 24528.80238628831
	rp(60) = 25940.14364103775
	rp(61) = 12265.69473002185
	rp(62) = 1581.763601906434
	rp(63) = 6964.923317793335
	rp(64) = 1628.007156184197
	rp(65) = 1976.671646410574
	rp(66) = 1
	rp(67) = 7341.412799432615
	rp(68) = 7659.240050473922
	rp(69) = 5576.06396421606
	rp(70) = 1328.617568025247
	rp(71) = 2678.328910718923
	rp(72) = 1
	rp(73) = 22962.84922733834
	rp(74) = 11353.23853474362
	rp(75) = 4525.591285269682
	rp(76) = 3848.72941453976
	rp(77) = 1818.153061416499
	rp(78) = 37.93088880741529
	rp(79) = 5649.109040580939
	rp(80) = 9103.328750893668
	rp(81) = 23810.4757577798
	rp(82) = 3669.243272231219
	rp(83) = 11526.21520421029
	rp(84) = 126.2057718679969
	rp(85) = 10609.62687610784
	rp(86) = 8982.192039352922
	rp(87) = 23689.36564575053
	rp(88) = 4304.124010369826
	rp(89) = 11314.82274186321
	rp(90) = 2075.172944207607
	rp(91) = 2075.172944207607
	rp(92) = 1830.779145080198
	rp(93) = 1830.778793740363
	rp(94) = 196.8565060008754
	rp(95) = 10800.33222996681
	rp(96) = 2422.233170815827
	rp(97) = 2422.232996632369
	rp(98) = 2556.315429868498
	rp(99) = 2422.233170815827
	rp(100) = 2422.232996632369
	rp(101) = 6861.128498238913
	rp(102) = 9156.986141523808
	rp(103) = 1734.910667960002
	rp(104) = 6065.42655956074

BEST POSITION:
	P(0) = 0.7662759897498601		P(1) = -0.4363323129985824		P(2) = -0.4363323129985824	
	P(3) = 0.4363257366661822		P(4) = 0.4363323129985824		P(5) = 0.3873743118408381	
	P(6) = 0.396459847480641		P(7) = -0.2566427662908247		P(8) = -0.4998665827150384	
	P(9) = -0.2259066548754909		P(10) = -0.5		P(11) = 0.1366809225891117	
	P(12) = 0.4999883750751586		P(13) = -0.4999567372006505		P(14) = 0.2725252911350518	
	P(15) = -0.3030638733185326		P(16) = -0.493050107454781		P(17) = -0.4999907209774048	
	P(18) = -0.01716683250988465		P(19) = -0.1611170423185125		P(20) = -0.5	
	P(21) = -0.1315315105299812		P(22) = -0.006502640052873927		P(23) = 0.2231773500201842	
	P(24) = -0.4998595702094136		P(25) = 0.4999299694532414		P(26) = 0.1045355347893344	
	P(27) = 0.4999775774774056		P(28) = 0.4998922470462648		P(29) = -0.3493191752539435	
	P(30) = -0.4493130278616965		P(31) = 0.450466884329335		P(32) = -0.4999975367670473	
	P(33) = 0.4999578194103262		P(34) = -0.4999847331144704		P(35) = -0.4998751010898716	
	P(36) = -0.4996748872107246		P(37) = 0.4998971313103683		P(38) = -0.08288339594346092	
	P(39) = 0.4011168898666787		P(40) = 0.4998102419587519		P(41) = -0.08959251159422935	
	P(42) = -0.4999445460221206		P(43) = -0.499073197577632		P(44) = -0.5	
	P(45) = 0.4955328797958927		P(46) = -0.2813946200408975		P(47) = -0.4920111645648806	
	P(48) = 0.4997905892164443		P(49) = -0.479681160043112		P(50) = -0.2726293427301847	
	P(51) = 0.08771613615934483		P(52) = -0.15098205388861		P(53) = -0.4212220493231627	
	P(54) = -0.4159415191604811	
================================================================================
